Log file open, 11/27/18 14:50:23
LogWindows: Failed to load 'aqProf.dll' (GetLastError=126)
LogWindows: File 'aqProf.dll' does not exist
LogWindows: Failed to load 'VtuneApi.dll' (GetLastError=126)
LogWindows: File 'VtuneApi.dll' does not exist
LogWindows: Failed to load 'VtuneApi32e.dll' (GetLastError=126)
LogWindows: File 'VtuneApi32e.dll' does not exist
LogConsoleResponse: Display: Failed to find resolution value strings in scalability ini. Falling back to default.
LogInit: Display: Running engine for game: Project_S
LogPakFile: Registered encryption key '00000000000000000000000000000000': 0 pak files mounted, 0 remain pending
LogPlatformFile: Not using cached read wrapper
LogTaskGraph: Started task graph with 5 named threads and 23 total threads with 3 sets of task threads.
LogStats: Stats thread started at 0.288843
LogD3D11RHI: Loaded GFSDK_Aftermath_Lib.x64.dll
LogICUInternationalization: ICU TimeZone Detection - Raw Offset: +1:00, Platform Override: ''
LogPluginManager: Mounting plugin Paper2D
LogPluginManager: Mounting plugin AISupport
LogPluginManager: Mounting plugin LightPropagationVolume
LogPluginManager: Mounting plugin ActorLayerUtilities
LogPluginManager: Mounting plugin CLionSourceCodeAccess
LogPluginManager: Mounting plugin CodeLiteSourceCodeAccess
LogPluginManager: Mounting plugin GitSourceControl
LogPluginManager: Mounting plugin KDevelopSourceCodeAccess
LogPluginManager: Mounting plugin NullSourceCodeAccess
LogPluginManager: Mounting plugin PerforceSourceControl
LogPluginManager: Mounting plugin SubversionSourceControl
LogPluginManager: Mounting plugin UObjectPlugin
LogPluginManager: Mounting plugin VisualStudioCodeSourceCodeAccess
LogPluginManager: Mounting plugin VisualStudioSourceCodeAccess
LogPluginManager: Mounting plugin XCodeSourceCodeAccess
LogPluginManager: Mounting plugin AssetManagerEditor
LogPluginManager: Mounting plugin CryptoKeys
LogPluginManager: Mounting plugin DataValidation
LogPluginManager: Mounting plugin FacialAnimation
LogPluginManager: Mounting plugin GameplayTagsEditor
LogPluginManager: Mounting plugin MacGraphicsSwitching
LogPluginManager: Mounting plugin MeshEditor
LogPluginManager: Mounting plugin MobileLauncherProfileWizard
LogPluginManager: Mounting plugin PluginBrowser
LogPluginManager: Mounting plugin SpeedTreeImporter
LogPluginManager: Mounting plugin DatasmithContent
LogPluginManager: Mounting plugin VariantManagerContent
LogPluginManager: Mounting plugin AlembicImporter
LogPluginManager: Mounting plugin AppleImageUtils
LogPluginManager: Mounting plugin AppleVision
LogPluginManager: Mounting plugin BackChannel
LogPluginManager: Mounting plugin CharacterAI
LogPluginManager: Mounting plugin GeometryCache
LogPluginManager: Mounting plugin HTML5Networking
LogPluginManager: Mounting plugin ProxyLODPlugin
LogPluginManager: Mounting plugin MagicLeap
LogPluginManager: Mounting plugin MagicLeapMedia
LogPluginManager: Mounting plugin AndroidMedia
LogPluginManager: Mounting plugin AvfMedia
LogPluginManager: Mounting plugin ImgMedia
LogPluginManager: Mounting plugin LinearTimecode
LogPluginManager: Mounting plugin MediaCompositing
LogPluginManager: Mounting plugin MediaPlayerEditor
LogPluginManager: Mounting plugin WebMMedia
LogPluginManager: Mounting plugin WmfMedia
LogPluginManager: Mounting plugin TcpMessaging
LogPluginManager: Mounting plugin UdpMessaging
LogPluginManager: Mounting plugin ActorSequence
LogPluginManager: Mounting plugin LevelSequenceEditor
LogPluginManager: Mounting plugin MatineeToLevelSequence
LogPluginManager: Mounting plugin NetcodeUnitTest
LogPluginManager: Mounting plugin NUTUnrealEngine4
LogPluginManager: Mounting plugin OnlineSubsystemGooglePlay
LogPluginManager: Mounting plugin OnlineSubsystemIOS
LogPluginManager: Mounting plugin OnlineSubsystem
LogPluginManager: Mounting plugin OnlineSubsystemNull
LogPluginManager: Mounting plugin OnlineSubsystemUtils
LogPluginManager: Mounting plugin LauncherChunkInstaller
LogPluginManager: Mounting plugin AndroidDeviceProfileSelector
LogPluginManager: Mounting plugin AndroidMoviePlayer
LogPluginManager: Mounting plugin AndroidPermission
LogPluginManager: Mounting plugin AppleMoviePlayer
LogPluginManager: Mounting plugin ArchVisCharacter
LogPluginManager: Mounting plugin AudioCapture
LogPluginManager: Mounting plugin CableComponent
LogPluginManager: Mounting plugin CustomMeshComponent
LogPluginManager: Mounting plugin EditableMesh
LogPluginManager: Mounting plugin ExampleDeviceProfileSelector
LogPluginManager: Mounting plugin Firebase
LogPluginManager: Mounting plugin GoogleCloudMessaging
LogPluginManager: Mounting plugin IOSDeviceProfileSelector
LogPluginManager: Mounting plugin LinuxDeviceProfileSelector
LogPluginManager: Mounting plugin LocationServicesBPLibrary
LogPluginManager: Mounting plugin MobilePatchingUtils
LogPluginManager: Mounting plugin OculusVR
LogPluginManager: Mounting plugin PhysXVehicles
LogPluginManager: Mounting plugin ProceduralMeshComponent
LogPluginManager: Mounting plugin RuntimePhysXCooking
LogPluginManager: Mounting plugin SteamVR
LogPluginManager: Mounting plugin WebMMoviePlayer
LogPluginManager: Mounting plugin WindowsMoviePlayer
LogStreaming: Display: Took  0.076s to configure plugins.
LogInit: Using libcurl 7.55.1-DEV
LogInit:  - built for x86_64-pc-win32
LogInit:  - supports SSL with OpenSSL/1.0.2h
LogInit:  - supports HTTP deflate (compression) using libz 1.2.8
LogInit:  - other features:
LogInit:      CURL_VERSION_SSL
LogInit:      CURL_VERSION_LIBZ
LogInit:      CURL_VERSION_IPV6
LogInit:      CURL_VERSION_ASYNCHDNS
LogInit:      CURL_VERSION_LARGEFILE
LogInit:      CURL_VERSION_IDN
LogInit:  CurlRequestOptions (configurable via config and command line):
LogInit:  - bVerifyPeer = true  - Libcurl will verify peer certificate
LogInit:  - bUseHttpProxy = false  - Libcurl will NOT use HTTP proxy
LogInit:  - bDontReuseConnections = false  - Libcurl will reuse connections
LogInit:  - MaxHostConnections = 16  - Libcurl will limit the number of connections to a host
LogInit:  - LocalHostAddr = Default
LogInit:  - BufferSize = 65536
LogInit: WinSock: version 1.1 (2.2), MaxSocks=32767, MaxUdp=65467
LogInit: Build: ++UE4+Release-4.21-CL-4541578
LogInit: Engine Version: 4.21.0-4541578+++UE4+Release-4.21
LogInit: Compatible Engine Version: 4.21.0-4541578+++UE4+Release-4.21
LogInit: Net CL: 4541578
LogInit: OS: Windows 10 (), CPU: Intel(R) Core(TM) i7-7700HQ CPU @ 2.80GHz, GPU: Intel(R) HD Graphics 630
LogInit: Compiled (64-bit): Nov  6 2018 02:04:24
LogInit: Compiled with Visual C++: 19.13.26129.00
LogInit: Build Configuration: Development
LogInit: Branch Name: ++UE4+Release-4.21
LogInit: Command Line: 
LogInit: Base Directory: C:/Program Files/Epic Games/UE_4.21/Engine/Binaries/Win64/
LogInit: Installed Engine Build: 1
LogDevObjectVersion: Number of dev versions registered: 22
LogDevObjectVersion:   Dev-Blueprints (B0D832E4-1F89-4F0D-ACCF-7EB736FD4AA2): 10
LogDevObjectVersion:   Dev-Build (E1C64328-A22C-4D53-A36C-8E866417BD8C): 0
LogDevObjectVersion:   Dev-Core (375EC13C-06E4-48FB-B500-84F0262A717E): 2
LogDevObjectVersion:   Dev-Editor (E4B068ED-F494-42E9-A231-DA0B2E46BB41): 26
LogDevObjectVersion:   Dev-Framework (CFFC743F-43B0-4480-9391-14DF171D2073): 34
LogDevObjectVersion:   Dev-Mobile (B02B49B5-BB20-44E9-A304-32B752E40360): 2
LogDevObjectVersion:   Dev-Networking (A4E4105C-59A1-49B5-A7C5-40C4547EDFEE): 0
LogDevObjectVersion:   Dev-Online (39C831C9-5AE6-47DC-9A44-9C173E1C8E7C): 0
LogDevObjectVersion:   Dev-Physics (78F01B33-EBEA-4F98-B9B4-84EACCB95AA2): 0
LogDevObjectVersion:   Dev-Platform (6631380F-2D4D-43E0-8009-CF276956A95A): 0
LogDevObjectVersion:   Dev-Rendering (12F88B9F-8875-4AFC-A67C-D90C383ABD29): 27
LogDevObjectVersion:   Dev-Sequencer (7B5AE74C-D270-4C10-A958-57980B212A5A): 9
LogDevObjectVersion:   Dev-VR (D7296918-1DD6-4BDD-9DE2-64A83CC13884): 2
LogDevObjectVersion:   Dev-LoadTimes (C2A15278-BFE7-4AFE-6C17-90FF531DF755): 1
LogDevObjectVersion:   Private-Geometry (6EACA3D4-40EC-4CC1-B786-8BED09428FC5): 3
LogDevObjectVersion:   Dev-AnimPhys (29E575DD-E0A3-4627-9D10-D276232CDCEA): 17
LogDevObjectVersion:   Dev-Anim (AF43A65D-7FD3-4947-9873-3E8ED9C1BB05): 2
LogDevObjectVersion:   Dev-ReflectionCapture (6B266CEC-1EC7-4B8F-A30B-E4D90942FC07): 1
LogDevObjectVersion:   Dev-Automation (0DF73D61-A23F-47EA-B727-89E90C41499A): 1
LogDevObjectVersion:   FortniteMain (601D1886-AC64-4F84-AA16-D3DE0DEAC7D6): 17
LogDevObjectVersion:   Dev-Enterprise (9DFFBCD6-494F-0158-E221-12823C92A888): 4
LogDevObjectVersion:   Dev-Niagara (F2AED0AC-9AFE-416F-8664-AA7FFA26D6FC): 1
LogStreaming: Display: Took  0.000s to delete old logs.
LogInit: Presizing for max 8388607 objects, including 0 objects not considered by GC, pre-allocating 0 bytes for permanent pool.
LogInit: Object subsystem initialized
LogConfig: Setting CVar [[con.DebugEarlyDefault:1]]
LogConfig: Setting CVar [[r.setres:1280x720]]
[2018.11.27-13.50.24:199][  0]LogConfig: Setting CVar [[r.VSync:0]]
[2018.11.27-13.50.24:199][  0]LogConfig: Setting CVar [[r.RHICmdBypass:0]]
[2018.11.27-13.50.24:199][  0]LogConfig: Applying CVar settings from Section [/Script/Engine.RendererSettings] File [C:/Users/Admin/Documents/GitHub/Unreal_Project-S/Project_S/Saved/Config/Windows/Engine.ini]
[2018.11.27-13.50.24:199][  0]LogConfig: Setting CVar [[r.GPUCrashDebugging:0]]
[2018.11.27-13.50.24:199][  0]LogConfig: Applying CVar settings from Section [/Script/Engine.RendererOverrideSettings] File [C:/Users/Admin/Documents/GitHub/Unreal_Project-S/Project_S/Saved/Config/Windows/Engine.ini]
[2018.11.27-13.50.24:199][  0]LogConfig: Applying CVar settings from Section [/Script/Engine.StreamingSettings] File [C:/Users/Admin/Documents/GitHub/Unreal_Project-S/Project_S/Saved/Config/Windows/Engine.ini]
[2018.11.27-13.50.24:199][  0]LogConfig: Setting CVar [[s.MinBulkDataSizeForAsyncLoading:131072]]
[2018.11.27-13.50.24:199][  0]LogConfig: Setting CVar [[s.AsyncLoadingThreadEnabled:0]]
[2018.11.27-13.50.24:199][  0]LogConfig: Setting CVar [[s.EventDrivenLoaderEnabled:1]]
[2018.11.27-13.50.24:199][  0]LogConfig: Setting CVar [[s.WarnIfTimeLimitExceeded:0]]
[2018.11.27-13.50.24:199][  0]LogConfig: Setting CVar [[s.TimeLimitExceededMultiplier:1.5]]
[2018.11.27-13.50.24:199][  0]LogConfig: Setting CVar [[s.TimeLimitExceededMinTime:0.005]]
[2018.11.27-13.50.24:199][  0]LogConfig: Setting CVar [[s.UseBackgroundLevelStreaming:1]]
[2018.11.27-13.50.24:199][  0]LogConfig: Setting CVar [[s.PriorityAsyncLoadingExtraTime:15.0]]
[2018.11.27-13.50.24:199][  0]LogConfig: Setting CVar [[s.LevelStreamingActorsUpdateTimeLimit:5.0]]
[2018.11.27-13.50.24:199][  0]LogConfig: Setting CVar [[s.PriorityLevelStreamingActorsUpdateExtraTime:5.0]]
[2018.11.27-13.50.24:199][  0]LogConfig: Setting CVar [[s.LevelStreamingComponentsRegistrationGranularity:10]]
[2018.11.27-13.50.24:199][  0]LogConfig: Setting CVar [[s.UnregisterComponentsTimeLimit:1.0]]
[2018.11.27-13.50.24:199][  0]LogConfig: Setting CVar [[s.LevelStreamingComponentsUnregistrationGranularity:5]]
[2018.11.27-13.50.24:199][  0]LogConfig: Applying CVar settings from Section [/Script/Engine.GarbageCollectionSettings] File [C:/Users/Admin/Documents/GitHub/Unreal_Project-S/Project_S/Saved/Config/Windows/Engine.ini]
[2018.11.27-13.50.24:199][  0]LogConfig: Setting CVar [[gc.MaxObjectsNotConsideredByGC:1]]
[2018.11.27-13.50.24:199][  0]LogConfig: Setting CVar [[gc.SizeOfPermanentObjectPool:0]]
[2018.11.27-13.50.24:200][  0]LogConfig: Setting CVar [[gc.FlushStreamingOnGC:0]]
[2018.11.27-13.50.24:200][  0]LogConfig: Setting CVar [[gc.NumRetriesBeforeForcingGC:10]]
[2018.11.27-13.50.24:200][  0]LogConfig: Setting CVar [[gc.AllowParallelGC:1]]
[2018.11.27-13.50.24:200][  0]LogConfig: Setting CVar [[gc.TimeBetweenPurgingPendingKillObjects:61.1]]
[2018.11.27-13.50.24:200][  0]LogConfig: Setting CVar [[gc.MaxObjectsInEditor:8388607]]
[2018.11.27-13.50.24:200][  0]LogConfig: Setting CVar [[gc.IncrementalBeginDestroyEnabled:1]]
[2018.11.27-13.50.24:200][  0]LogConfig: Setting CVar [[gc.CreateGCClusters:1]]
[2018.11.27-13.50.24:200][  0]LogConfig: Setting CVar [[gc.MergeGCClusters:0]]
[2018.11.27-13.50.24:200][  0]LogConfig: Setting CVar [[gc.MinGCClusterSize:5]]
[2018.11.27-13.50.24:200][  0]LogConfig: Setting CVar [[gc.ActorClusteringEnabled:0]]
[2018.11.27-13.50.24:200][  0]LogConfig: Setting CVar [[gc.BlueprintClusteringEnabled:0]]
[2018.11.27-13.50.24:200][  0]LogConfig: Setting CVar [[gc.UseDisregardForGCOnDedicatedServers:0]]
[2018.11.27-13.50.24:200][  0]LogConfig: Applying CVar settings from Section [/Script/Engine.NetworkSettings] File [C:/Users/Admin/Documents/GitHub/Unreal_Project-S/Project_S/Saved/Config/Windows/Engine.ini]
[2018.11.27-13.50.24:200][  0]LogConfig: Applying CVar settings from Section [/Script/UnrealEd.CookerSettings] File [C:/Users/Admin/Documents/GitHub/Unreal_Project-S/Project_S/Saved/Config/Windows/Engine.ini]
[2018.11.27-13.50.24:202][  0]LogConfig: Applying CVar settings from Section [ViewDistanceQuality@3] File [C:/Users/Admin/Documents/GitHub/Unreal_Project-S/Project_S/Saved/Config/Windows/Scalability.ini]
[2018.11.27-13.50.24:202][  0]LogConfig: Setting CVar [[r.SkeletalMeshLODBias:0]]
[2018.11.27-13.50.24:202][  0]LogConfig: Setting CVar [[r.ViewDistanceScale:1.0]]
[2018.11.27-13.50.24:202][  0]LogConfig: Applying CVar settings from Section [AntiAliasingQuality@3] File [C:/Users/Admin/Documents/GitHub/Unreal_Project-S/Project_S/Saved/Config/Windows/Scalability.ini]
[2018.11.27-13.50.24:202][  0]LogConfig: Setting CVar [[r.PostProcessAAQuality:4]]
[2018.11.27-13.50.24:202][  0]LogConfig: Applying CVar settings from Section [ShadowQuality@3] File [C:/Users/Admin/Documents/GitHub/Unreal_Project-S/Project_S/Saved/Config/Windows/Scalability.ini]
[2018.11.27-13.50.24:202][  0]LogConfig: Setting CVar [[r.LightFunctionQuality:1]]
[2018.11.27-13.50.24:202][  0]LogConfig: Setting CVar [[r.ShadowQuality:5]]
[2018.11.27-13.50.24:202][  0]LogConfig: Setting CVar [[r.Shadow.CSM.MaxCascades:10]]
[2018.11.27-13.50.24:202][  0]LogConfig: Setting CVar [[r.Shadow.MaxResolution:2048]]
[2018.11.27-13.50.24:202][  0]LogConfig: Setting CVar [[r.Shadow.MaxCSMResolution:2048]]
[2018.11.27-13.50.24:202][  0]LogConfig: Setting CVar [[r.Shadow.RadiusThreshold:0.01]]
[2018.11.27-13.50.24:202][  0]LogConfig: Setting CVar [[r.Shadow.DistanceScale:1.0]]
[2018.11.27-13.50.24:202][  0]LogConfig: Setting CVar [[r.Shadow.CSM.TransitionScale:1.0]]
[2018.11.27-13.50.24:202][  0]LogConfig: Setting CVar [[r.Shadow.PreShadowResolutionFactor:1.0]]
[2018.11.27-13.50.24:202][  0]LogConfig: Setting CVar [[r.DistanceFieldShadowing:1]]
[2018.11.27-13.50.24:202][  0]LogConfig: Setting CVar [[r.DistanceFieldAO:1]]
[2018.11.27-13.50.24:202][  0]LogConfig: Setting CVar [[r.AOQuality:2]]
[2018.11.27-13.50.24:202][  0]LogConfig: Setting CVar [[r.VolumetricFog:1]]
[2018.11.27-13.50.24:202][  0]LogConfig: Setting CVar [[r.VolumetricFog.GridPixelSize:8]]
[2018.11.27-13.50.24:202][  0]LogConfig: Setting CVar [[r.VolumetricFog.GridSizeZ:128]]
[2018.11.27-13.50.24:202][  0]LogConfig: Setting CVar [[r.VolumetricFog.HistoryMissSupersampleCount:4]]
[2018.11.27-13.50.24:202][  0]LogConfig: Setting CVar [[r.LightMaxDrawDistanceScale:1]]
[2018.11.27-13.50.24:202][  0]LogConfig: Setting CVar [[r.CapsuleShadows:1]]
[2018.11.27-13.50.24:202][  0]LogConfig: Applying CVar settings from Section [PostProcessQuality@3] File [C:/Users/Admin/Documents/GitHub/Unreal_Project-S/Project_S/Saved/Config/Windows/Scalability.ini]
[2018.11.27-13.50.24:202][  0]LogConfig: Setting CVar [[r.MotionBlurQuality:4]]
[2018.11.27-13.50.24:202][  0]LogConfig: Setting CVar [[r.AmbientOcclusionMipLevelFactor:0.4]]
[2018.11.27-13.50.24:202][  0]LogConfig: Setting CVar [[r.AmbientOcclusionMaxQuality:100]]
[2018.11.27-13.50.24:202][  0]LogConfig: Setting CVar [[r.AmbientOcclusionLevels:-1]]
[2018.11.27-13.50.24:202][  0]LogConfig: Setting CVar [[r.AmbientOcclusionRadiusScale:1.0]]
[2018.11.27-13.50.24:202][  0]LogConfig: Setting CVar [[r.DepthOfFieldQuality:2]]
[2018.11.27-13.50.24:202][  0]LogConfig: Setting CVar [[r.RenderTargetPoolMin:400]]
[2018.11.27-13.50.24:202][  0]LogConfig: Setting CVar [[r.LensFlareQuality:2]]
[2018.11.27-13.50.24:202][  0]LogConfig: Setting CVar [[r.SceneColorFringeQuality:1]]
[2018.11.27-13.50.24:202][  0]LogConfig: Setting CVar [[r.EyeAdaptationQuality:2]]
[2018.11.27-13.50.24:202][  0]LogConfig: Setting CVar [[r.BloomQuality:5]]
[2018.11.27-13.50.24:202][  0]LogConfig: Setting CVar [[r.FastBlurThreshold:100]]
[2018.11.27-13.50.24:202][  0]LogConfig: Setting CVar [[r.Upscale.Quality:3]]
[2018.11.27-13.50.24:202][  0]LogConfig: Setting CVar [[r.Tonemapper.GrainQuantization:1]]
[2018.11.27-13.50.24:202][  0]LogConfig: Setting CVar [[r.LightShaftQuality:1]]
[2018.11.27-13.50.24:202][  0]LogConfig: Setting CVar [[r.Filter.SizeScale:1]]
[2018.11.27-13.50.24:202][  0]LogConfig: Setting CVar [[r.Tonemapper.Quality:5]]
[2018.11.27-13.50.24:202][  0]LogConfig: Setting CVar [[r.DOF.Gather.AccumulatorQuality:1        ; higher gathering accumulator quality]]
[2018.11.27-13.50.24:202][  0]LogConfig: Setting CVar [[r.DOF.Gather.PostfilterMethod:1          ; Median3x3 postfilering method]]
[2018.11.27-13.50.24:203][  0]LogConfig: Setting CVar [[r.DOF.Gather.EnableBokehSettings:0       ; no bokeh simulation when gathering]]
[2018.11.27-13.50.24:203][  0]LogConfig: Setting CVar [[r.DOF.Gather.RingCount:4                 ; medium number of samples when gathering]]
[2018.11.27-13.50.24:203][  0]LogConfig: Setting CVar [[r.DOF.Scatter.ForegroundCompositing:1    ; additive foreground scattering]]
[2018.11.27-13.50.24:203][  0]LogConfig: Setting CVar [[r.DOF.Scatter.BackgroundCompositing:2    ; additive background scattering]]
[2018.11.27-13.50.24:203][  0]LogConfig: Setting CVar [[r.DOF.Scatter.EnableBokehSettings:1      ; bokeh simulation when scattering]]
[2018.11.27-13.50.24:203][  0]LogConfig: Setting CVar [[r.DOF.Scatter.MaxSpriteRatio:0.1         ; only a maximum of 10% of scattered bokeh]]
[2018.11.27-13.50.24:203][  0]LogConfig: Setting CVar [[r.DOF.Recombine.Quality:1                ; cheap slight out of focus]]
[2018.11.27-13.50.24:203][  0]LogConfig: Setting CVar [[r.DOF.Recombine.EnableBokehSettings:0    ; no bokeh simulation on slight out of focus]]
[2018.11.27-13.50.24:203][  0]LogConfig: Setting CVar [[r.DOF.TemporalAAQuality:1                ; more stable temporal accumulation]]
[2018.11.27-13.50.24:203][  0]LogConfig: Setting CVar [[r.DOF.Kernel.MaxForegroundRadius:0.025]]
[2018.11.27-13.50.24:203][  0]LogConfig: Setting CVar [[r.DOF.Kernel.MaxBackgroundRadius:0.025]]
[2018.11.27-13.50.24:203][  0]LogConfig: Applying CVar settings from Section [TextureQuality@3] File [C:/Users/Admin/Documents/GitHub/Unreal_Project-S/Project_S/Saved/Config/Windows/Scalability.ini]
[2018.11.27-13.50.24:203][  0]LogConfig: Setting CVar [[r.Streaming.MipBias:0]]
[2018.11.27-13.50.24:203][  0]LogConfig: Setting CVar [[r.Streaming.AmortizeCPUToGPUCopy:0]]
[2018.11.27-13.50.24:203][  0]LogConfig: Setting CVar [[r.Streaming.MaxNumTexturesToStreamPerFrame:0]]
[2018.11.27-13.50.24:203][  0]LogConfig: Setting CVar [[r.Streaming.Boost:1]]
[2018.11.27-13.50.24:203][  0]LogConfig: Setting CVar [[r.MaxAnisotropy:8]]
[2018.11.27-13.50.24:203][  0]LogConfig: Setting CVar [[r.Streaming.LimitPoolSizeToVRAM:0]]
[2018.11.27-13.50.24:203][  0]LogConfig: Setting CVar [[r.Streaming.PoolSize:1000]]
[2018.11.27-13.50.24:203][  0]LogConfig: Setting CVar [[r.Streaming.MaxEffectiveScreenSize:0]]
[2018.11.27-13.50.24:203][  0]LogConfig: Applying CVar settings from Section [EffectsQuality@3] File [C:/Users/Admin/Documents/GitHub/Unreal_Project-S/Project_S/Saved/Config/Windows/Scalability.ini]
[2018.11.27-13.50.24:203][  0]LogConfig: Setting CVar [[r.TranslucencyLightingVolumeDim:64]]
[2018.11.27-13.50.24:203][  0]LogConfig: Setting CVar [[r.RefractionQuality:2]]
[2018.11.27-13.50.24:203][  0]LogConfig: Setting CVar [[r.SSR.Quality:3]]
[2018.11.27-13.50.24:203][  0]LogConfig: Setting CVar [[r.SceneColorFormat:4]]
[2018.11.27-13.50.24:203][  0]LogConfig: Setting CVar [[r.DetailMode:2]]
[2018.11.27-13.50.24:203][  0]LogConfig: Setting CVar [[r.TranslucencyVolumeBlur:1]]
[2018.11.27-13.50.24:203][  0]LogConfig: Setting CVar [[r.MaterialQualityLevel:1 ; High quality]]
[2018.11.27-13.50.24:203][  0]LogConfig: Setting CVar [[r.SSS.Scale:1]]
[2018.11.27-13.50.24:203][  0]LogConfig: Setting CVar [[r.SSS.SampleSet:2]]
[2018.11.27-13.50.24:203][  0]LogConfig: Setting CVar [[r.SSS.Quality:1]]
[2018.11.27-13.50.24:203][  0]LogConfig: Setting CVar [[r.SSS.HalfRes:1]]
[2018.11.27-13.50.24:203][  0]LogConfig: Setting CVar [[r.EmitterSpawnRateScale:1.0]]
[2018.11.27-13.50.24:203][  0]LogConfig: Setting CVar [[r.ParticleLightQuality:2]]
[2018.11.27-13.50.24:203][  0]LogConfig: Applying CVar settings from Section [FoliageQuality@3] File [C:/Users/Admin/Documents/GitHub/Unreal_Project-S/Project_S/Saved/Config/Windows/Scalability.ini]
[2018.11.27-13.50.24:203][  0]LogConfig: Setting CVar [[foliage.DensityScale:1.0]]
[2018.11.27-13.50.24:203][  0]LogConfig: Setting CVar [[grass.DensityScale:1.0]]
[2018.11.27-13.50.24:203][  0]LogInit: Selected Device Profile: [Windows]
[2018.11.27-13.50.24:203][  0]LogInit: Applying CVar settings loaded from the selected device profile: [Windows]
[2018.11.27-13.50.24:211][  0]LogHAL: Display: Platform has ~ 16 GB [17053216768 / 17179869184 / 16], which maps to Larger [LargestMinGB=32, LargerMinGB=12, DefaultMinGB=8, SmallerMinGB=6, SmallestMinGB=0)
[2018.11.27-13.50.24:211][  0]LogConfig: Setting CVar [[r.Vulkan.UseRealUBs:1]]
[2018.11.27-13.50.24:211][  0]LogInit: Going up to parent DeviceProfile []
[2018.11.27-13.50.24:211][  0]LogConfig: Applying CVar settings from Section [ViewDistanceQuality@3] File [C:/Users/Admin/Documents/GitHub/Unreal_Project-S/Project_S/Saved/Config/Windows/Scalability.ini]
[2018.11.27-13.50.24:211][  0]LogConfig: Setting CVar [[r.SkeletalMeshLODBias:0]]
[2018.11.27-13.50.24:211][  0]LogConfig: Setting CVar [[r.ViewDistanceScale:1.0]]
[2018.11.27-13.50.24:211][  0]LogConfig: Applying CVar settings from Section [AntiAliasingQuality@3] File [C:/Users/Admin/Documents/GitHub/Unreal_Project-S/Project_S/Saved/Config/Windows/Scalability.ini]
[2018.11.27-13.50.24:211][  0]LogConfig: Setting CVar [[r.PostProcessAAQuality:4]]
[2018.11.27-13.50.24:211][  0]LogConfig: Applying CVar settings from Section [ShadowQuality@3] File [C:/Users/Admin/Documents/GitHub/Unreal_Project-S/Project_S/Saved/Config/Windows/Scalability.ini]
[2018.11.27-13.50.24:211][  0]LogConfig: Setting CVar [[r.LightFunctionQuality:1]]
[2018.11.27-13.50.24:211][  0]LogConfig: Setting CVar [[r.ShadowQuality:5]]
[2018.11.27-13.50.24:211][  0]LogConfig: Setting CVar [[r.Shadow.CSM.MaxCascades:10]]
[2018.11.27-13.50.24:211][  0]LogConfig: Setting CVar [[r.Shadow.MaxResolution:2048]]
[2018.11.27-13.50.24:211][  0]LogConfig: Setting CVar [[r.Shadow.MaxCSMResolution:2048]]
[2018.11.27-13.50.24:211][  0]LogConfig: Setting CVar [[r.Shadow.RadiusThreshold:0.01]]
[2018.11.27-13.50.24:211][  0]LogConfig: Setting CVar [[r.Shadow.DistanceScale:1.0]]
[2018.11.27-13.50.24:211][  0]LogConfig: Setting CVar [[r.Shadow.CSM.TransitionScale:1.0]]
[2018.11.27-13.50.24:211][  0]LogConfig: Setting CVar [[r.Shadow.PreShadowResolutionFactor:1.0]]
[2018.11.27-13.50.24:211][  0]LogConfig: Setting CVar [[r.DistanceFieldShadowing:1]]
[2018.11.27-13.50.24:211][  0]LogConfig: Setting CVar [[r.DistanceFieldAO:1]]
[2018.11.27-13.50.24:211][  0]LogConfig: Setting CVar [[r.AOQuality:2]]
[2018.11.27-13.50.24:211][  0]LogConfig: Setting CVar [[r.VolumetricFog:1]]
[2018.11.27-13.50.24:211][  0]LogConfig: Setting CVar [[r.VolumetricFog.GridPixelSize:8]]
[2018.11.27-13.50.24:211][  0]LogConfig: Setting CVar [[r.VolumetricFog.GridSizeZ:128]]
[2018.11.27-13.50.24:211][  0]LogConfig: Setting CVar [[r.VolumetricFog.HistoryMissSupersampleCount:4]]
[2018.11.27-13.50.24:211][  0]LogConfig: Setting CVar [[r.LightMaxDrawDistanceScale:1]]
[2018.11.27-13.50.24:211][  0]LogConfig: Setting CVar [[r.CapsuleShadows:1]]
[2018.11.27-13.50.24:211][  0]LogConfig: Applying CVar settings from Section [PostProcessQuality@3] File [C:/Users/Admin/Documents/GitHub/Unreal_Project-S/Project_S/Saved/Config/Windows/Scalability.ini]
[2018.11.27-13.50.24:211][  0]LogConfig: Setting CVar [[r.MotionBlurQuality:4]]
[2018.11.27-13.50.24:211][  0]LogConfig: Setting CVar [[r.AmbientOcclusionMipLevelFactor:0.4]]
[2018.11.27-13.50.24:211][  0]LogConfig: Setting CVar [[r.AmbientOcclusionMaxQuality:100]]
[2018.11.27-13.50.24:211][  0]LogConfig: Setting CVar [[r.AmbientOcclusionLevels:-1]]
[2018.11.27-13.50.24:211][  0]LogConfig: Setting CVar [[r.AmbientOcclusionRadiusScale:1.0]]
[2018.11.27-13.50.24:211][  0]LogConfig: Setting CVar [[r.DepthOfFieldQuality:2]]
[2018.11.27-13.50.24:211][  0]LogConfig: Setting CVar [[r.RenderTargetPoolMin:400]]
[2018.11.27-13.50.24:211][  0]LogConfig: Setting CVar [[r.LensFlareQuality:2]]
[2018.11.27-13.50.24:211][  0]LogConfig: Setting CVar [[r.SceneColorFringeQuality:1]]
[2018.11.27-13.50.24:211][  0]LogConfig: Setting CVar [[r.EyeAdaptationQuality:2]]
[2018.11.27-13.50.24:211][  0]LogConfig: Setting CVar [[r.BloomQuality:5]]
[2018.11.27-13.50.24:211][  0]LogConfig: Setting CVar [[r.FastBlurThreshold:100]]
[2018.11.27-13.50.24:211][  0]LogConfig: Setting CVar [[r.Upscale.Quality:3]]
[2018.11.27-13.50.24:211][  0]LogConfig: Setting CVar [[r.Tonemapper.GrainQuantization:1]]
[2018.11.27-13.50.24:211][  0]LogConfig: Setting CVar [[r.LightShaftQuality:1]]
[2018.11.27-13.50.24:211][  0]LogConfig: Setting CVar [[r.Filter.SizeScale:1]]
[2018.11.27-13.50.24:211][  0]LogConfig: Setting CVar [[r.Tonemapper.Quality:5]]
[2018.11.27-13.50.24:211][  0]LogConfig: Setting CVar [[r.DOF.Gather.AccumulatorQuality:1        ; higher gathering accumulator quality]]
[2018.11.27-13.50.24:211][  0]LogConfig: Setting CVar [[r.DOF.Gather.PostfilterMethod:1          ; Median3x3 postfilering method]]
[2018.11.27-13.50.24:211][  0]LogConfig: Setting CVar [[r.DOF.Gather.EnableBokehSettings:0       ; no bokeh simulation when gathering]]
[2018.11.27-13.50.24:211][  0]LogConfig: Setting CVar [[r.DOF.Gather.RingCount:4                 ; medium number of samples when gathering]]
[2018.11.27-13.50.24:211][  0]LogConfig: Setting CVar [[r.DOF.Scatter.ForegroundCompositing:1    ; additive foreground scattering]]
[2018.11.27-13.50.24:211][  0]LogConfig: Setting CVar [[r.DOF.Scatter.BackgroundCompositing:2    ; additive background scattering]]
[2018.11.27-13.50.24:211][  0]LogConfig: Setting CVar [[r.DOF.Scatter.EnableBokehSettings:1      ; bokeh simulation when scattering]]
[2018.11.27-13.50.24:211][  0]LogConfig: Setting CVar [[r.DOF.Scatter.MaxSpriteRatio:0.1         ; only a maximum of 10% of scattered bokeh]]
[2018.11.27-13.50.24:211][  0]LogConfig: Setting CVar [[r.DOF.Recombine.Quality:1                ; cheap slight out of focus]]
[2018.11.27-13.50.24:211][  0]LogConfig: Setting CVar [[r.DOF.Recombine.EnableBokehSettings:0    ; no bokeh simulation on slight out of focus]]
[2018.11.27-13.50.24:212][  0]LogConfig: Setting CVar [[r.DOF.TemporalAAQuality:1                ; more stable temporal accumulation]]
[2018.11.27-13.50.24:212][  0]LogConfig: Setting CVar [[r.DOF.Kernel.MaxForegroundRadius:0.025]]
[2018.11.27-13.50.24:212][  0]LogConfig: Setting CVar [[r.DOF.Kernel.MaxBackgroundRadius:0.025]]
[2018.11.27-13.50.24:212][  0]LogConfig: Applying CVar settings from Section [TextureQuality@3] File [C:/Users/Admin/Documents/GitHub/Unreal_Project-S/Project_S/Saved/Config/Windows/Scalability.ini]
[2018.11.27-13.50.24:212][  0]LogConfig: Setting CVar [[r.Streaming.MipBias:0]]
[2018.11.27-13.50.24:212][  0]LogConfig: Setting CVar [[r.Streaming.AmortizeCPUToGPUCopy:0]]
[2018.11.27-13.50.24:212][  0]LogConfig: Setting CVar [[r.Streaming.MaxNumTexturesToStreamPerFrame:0]]
[2018.11.27-13.50.24:212][  0]LogConfig: Setting CVar [[r.Streaming.Boost:1]]
[2018.11.27-13.50.24:212][  0]LogConfig: Setting CVar [[r.MaxAnisotropy:8]]
[2018.11.27-13.50.24:212][  0]LogConfig: Setting CVar [[r.Streaming.LimitPoolSizeToVRAM:0]]
[2018.11.27-13.50.24:212][  0]LogConfig: Setting CVar [[r.Streaming.PoolSize:1000]]
[2018.11.27-13.50.24:212][  0]LogConfig: Setting CVar [[r.Streaming.MaxEffectiveScreenSize:0]]
[2018.11.27-13.50.24:212][  0]LogConfig: Applying CVar settings from Section [EffectsQuality@3] File [C:/Users/Admin/Documents/GitHub/Unreal_Project-S/Project_S/Saved/Config/Windows/Scalability.ini]
[2018.11.27-13.50.24:212][  0]LogConfig: Setting CVar [[r.TranslucencyLightingVolumeDim:64]]
[2018.11.27-13.50.24:212][  0]LogConfig: Setting CVar [[r.RefractionQuality:2]]
[2018.11.27-13.50.24:212][  0]LogConfig: Setting CVar [[r.SSR.Quality:3]]
[2018.11.27-13.50.24:212][  0]LogConfig: Setting CVar [[r.SceneColorFormat:4]]
[2018.11.27-13.50.24:212][  0]LogConfig: Setting CVar [[r.DetailMode:2]]
[2018.11.27-13.50.24:212][  0]LogConfig: Setting CVar [[r.TranslucencyVolumeBlur:1]]
[2018.11.27-13.50.24:212][  0]LogConfig: Setting CVar [[r.MaterialQualityLevel:1 ; High quality]]
[2018.11.27-13.50.24:212][  0]LogConfig: Setting CVar [[r.SSS.Scale:1]]
[2018.11.27-13.50.24:212][  0]LogConfig: Setting CVar [[r.SSS.SampleSet:2]]
[2018.11.27-13.50.24:212][  0]LogConfig: Setting CVar [[r.SSS.Quality:1]]
[2018.11.27-13.50.24:212][  0]LogConfig: Setting CVar [[r.SSS.HalfRes:1]]
[2018.11.27-13.50.24:212][  0]LogConfig: Setting CVar [[r.EmitterSpawnRateScale:1.0]]
[2018.11.27-13.50.24:212][  0]LogConfig: Setting CVar [[r.ParticleLightQuality:2]]
[2018.11.27-13.50.24:212][  0]LogConfig: Applying CVar settings from Section [FoliageQuality@3] File [C:/Users/Admin/Documents/GitHub/Unreal_Project-S/Project_S/Saved/Config/Windows/Scalability.ini]
[2018.11.27-13.50.24:212][  0]LogConfig: Setting CVar [[foliage.DensityScale:1.0]]
[2018.11.27-13.50.24:212][  0]LogConfig: Setting CVar [[grass.DensityScale:1.0]]
[2018.11.27-13.50.24:212][  0]LogConfig: Applying CVar settings from Section [Startup] File [../../../Engine/Config/ConsoleVariables.ini]
[2018.11.27-13.50.24:212][  0]LogConfig: Setting CVar [[net.UseAdaptiveNetUpdateFrequency:0]]
[2018.11.27-13.50.24:212][  0]LogConfig: Applying CVar settings from Section [ConsoleVariables] File [C:/Users/Admin/Documents/GitHub/Unreal_Project-S/Project_S/Saved/Config/Windows/Engine.ini]
[2018.11.27-13.50.24:212][  0]LogInit: Computer: PC-TRISTAN
[2018.11.27-13.50.24:212][  0]LogInit: User: Admin
[2018.11.27-13.50.24:212][  0]LogInit: CPU Page size=4096, Cores=4
[2018.11.27-13.50.24:212][  0]LogInit: High frequency timer resolution =2.742187 MHz
[2018.11.27-13.50.24:213][  0]LogMemory: Memory total: Physical=15.9GB (16GB approx)
[2018.11.27-13.50.24:213][  0]LogMemory: Platform Memory Stats for Windows
[2018.11.27-13.50.24:213][  0]LogMemory: Process Physical Memory: 102.38 MB used, 102.38 MB peak
[2018.11.27-13.50.24:213][  0]LogMemory: Process Virtual Memory: 91.77 MB used, 91.77 MB peak
[2018.11.27-13.50.24:213][  0]LogMemory: Physical Memory: 6276.09 MB used,  9987.13 MB free, 16263.21 MB total
[2018.11.27-13.50.24:213][  0]LogMemory: Virtual Memory: 4634.54 MB used,  134213096.00 MB free, 134217728.00 MB total
[2018.11.27-13.50.24:230][  0]LogInit: Using OS detected language (fr-FR).
[2018.11.27-13.50.24:230][  0]LogInit: Using OS detected locale (fr-FR).
[2018.11.27-13.50.24:232][  0]LogTextLocalizationManager: No specific localization for 'fr-FR' exists, so the 'fr' localization will be used.
[2018.11.27-13.50.24:234][  0]LogStreaming: Display: Took  0.004s to InitEngineTextLocalization.
[2018.11.27-13.50.24:234][  0]LogInit: Setting process to per monitor DPI aware
[2018.11.27-13.50.24:274][  0]LogSlate: New Slate User Created.  User Index 0, Is Virtual User: 0
[2018.11.27-13.50.24:274][  0]LogSlate: Slate User Registered.  User Index 0, Is Virtual User: 0
[2018.11.27-13.50.24:568][  0]LogHMD: Failed to initialize OpenVR with code 100
[2018.11.27-13.50.24:568][  0]LogD3D11RHI: D3D11 adapters:
[2018.11.27-13.50.24:611][  0]LogD3D11RHI:    0. 'NVIDIA Quadro M1200' (Feature Level 11_0)
[2018.11.27-13.50.24:611][  0]LogD3D11RHI:       4062/0/8131 MB DedicatedVideo/DedicatedSystem/SharedSystem, Outputs:1, VendorId:0x10de
[2018.11.27-13.50.24:622][  0]LogD3D11RHI:    1. 'Intel(R) HD Graphics 630' (Feature Level 11_0)
[2018.11.27-13.50.24:622][  0]LogD3D11RHI:       128/0/8131 MB DedicatedVideo/DedicatedSystem/SharedSystem, Outputs:0, VendorId:0x8086
[2018.11.27-13.50.24:624][  0]LogD3D11RHI:    2. 'Microsoft Basic Render Driver' (Feature Level 11_0)
[2018.11.27-13.50.24:624][  0]LogD3D11RHI:       0/0/8131 MB DedicatedVideo/DedicatedSystem/SharedSystem, Outputs:0, VendorId:0x1414
[2018.11.27-13.50.24:624][  0]LogD3D11RHI: Chosen D3D11 Adapter: 0
[2018.11.27-13.50.24:659][  0]LogD3D11RHI: Creating new Direct3DDevice
[2018.11.27-13.50.24:659][  0]LogD3D11RHI:     GPU DeviceId: 0x13b6 (for the marketing name, search the web for "GPU Device Id")
[2018.11.27-13.50.24:659][  0]LogWindows: EnumDisplayDevices:
[2018.11.27-13.50.24:659][  0]LogWindows:    0. 'Intel(R) HD Graphics 630' (P:1 D:1)
[2018.11.27-13.50.24:660][  0]LogWindows:    1. 'Intel(R) HD Graphics 630' (P:0 D:0)
[2018.11.27-13.50.24:660][  0]LogWindows:    2. 'Intel(R) HD Graphics 630' (P:0 D:0)
[2018.11.27-13.50.24:661][  0]LogWindows:    3. 'NVIDIA Quadro M1200' (P:0 D:0)
[2018.11.27-13.50.24:661][  0]LogWindows:    4. 'NVIDIA Quadro M1200' (P:0 D:0)
[2018.11.27-13.50.24:661][  0]LogWindows:    5. 'NVIDIA Quadro M1200' (P:0 D:0)
[2018.11.27-13.50.24:662][  0]LogWindows:    6. 'NVIDIA Quadro M1200' (P:0 D:0)
[2018.11.27-13.50.24:662][  0]LogWindows: DebugString: PrimaryIsNotTheChoosenAdapter PrimaryIsNotTheChoosenAdapter PrimaryIsNotTheChoosenAdapter FoundDriverCount:4 
[2018.11.27-13.50.24:662][  0]LogD3D11RHI:     Adapter Name: NVIDIA Quadro M1200
[2018.11.27-13.50.24:662][  0]LogD3D11RHI:   Driver Version: 385.73 (internal:22.21.13.8573, unified:385.73)
[2018.11.27-13.50.24:662][  0]LogD3D11RHI:      Driver Date: 9-25-2017
[2018.11.27-13.50.24:662][  0]LogRHI: Texture pool is 2843 MB (70% of 4062 MB)
[2018.11.27-13.50.24:696][  0]LogD3D11RHI: Async texture creation enabled
[2018.11.27-13.50.24:707][  0]LogD3D11RHI: GPU Timing Frequency: 1000.000000 (Debug: 2 1)
[2018.11.27-13.50.25:058][  0]LogTemp: Display: Loaded TP AllDesktopTargetPlatform
[2018.11.27-13.50.25:072][  0]LogTemp: Display: Loaded TP MacClientTargetPlatform
[2018.11.27-13.50.25:086][  0]LogTemp: Display: Loaded TP MacNoEditorTargetPlatform
[2018.11.27-13.50.25:100][  0]LogTemp: Display: Loaded TP MacServerTargetPlatform
[2018.11.27-13.50.25:114][  0]LogTemp: Display: Loaded TP MacTargetPlatform
[2018.11.27-13.50.25:129][  0]LogTemp: Display: Loaded TP WindowsClientTargetPlatform
[2018.11.27-13.50.25:144][  0]LogTemp: Display: Loaded TP WindowsNoEditorTargetPlatform
[2018.11.27-13.50.25:158][  0]LogTemp: Display: Loaded TP WindowsServerTargetPlatform
[2018.11.27-13.50.25:165][  0]LogTemp: Display: Loaded TP WindowsTargetPlatform
[2018.11.27-13.50.25:242][  0]LogTemp: Display: Loaded TP AndroidTargetPlatform
[2018.11.27-13.50.25:242][  0]LogTemp: Display: Loaded TP AndroidTargetPlatform
[2018.11.27-13.50.25:242][  0]LogTemp: Display: Loaded TP AndroidTargetPlatform
[2018.11.27-13.50.25:242][  0]LogTemp: Display: Loaded TP AndroidTargetPlatform
[2018.11.27-13.50.25:242][  0]LogTemp: Display: Loaded TP AndroidTargetPlatform
[2018.11.27-13.50.25:242][  0]LogTemp: Display: Loaded TP AndroidTargetPlatform
[2018.11.27-13.50.25:242][  0]LogTemp: Display: Loaded TP AndroidTargetPlatform
[2018.11.27-13.50.25:242][  0]LogTemp: Display: Loaded TP AndroidTargetPlatform
[2018.11.27-13.50.25:242][  0]LogTemp: Display: Loaded TP AndroidTargetPlatform
[2018.11.27-13.50.25:243][  0]LogTemp: Display: Loaded TP AndroidTargetPlatform
[2018.11.27-13.50.25:243][  0]LogTemp: Display: Loaded TP AndroidTargetPlatform
[2018.11.27-13.50.25:243][  0]LogTemp: Display: Loaded TP AndroidTargetPlatform
[2018.11.27-13.50.25:243][  0]LogTemp: Display: Loaded TP AndroidTargetPlatform
[2018.11.27-13.50.25:243][  0]LogTemp: Display: Loaded TP AndroidTargetPlatform
[2018.11.27-13.50.25:243][  0]LogTemp: Display: Loaded TP AndroidTargetPlatform
[2018.11.27-13.50.25:243][  0]LogTemp: Display: Loaded TP AndroidTargetPlatform
[2018.11.27-13.50.25:243][  0]LogTemp: Display: Loaded TP AndroidTargetPlatform
[2018.11.27-13.50.25:243][  0]LogTemp: Display: Loaded TP AndroidTargetPlatform
[2018.11.27-13.50.25:244][  0]LogTemp: Display: Loaded TP HTML5TargetPlatform
[2018.11.27-13.50.25:304][  0]LogTemp: Display: Loaded TP IOSTargetPlatform
[2018.11.27-13.50.25:304][  0]LogTemp: Display: Loaded TP IOSTargetPlatform
[2018.11.27-13.50.25:326][  0]LogTemp: Display: Loaded TP TVOSTargetPlatform
[2018.11.27-13.50.25:326][  0]LogTemp: Display: Loaded TP TVOSTargetPlatform
[2018.11.27-13.50.25:339][  0]LogTemp: Display: Loaded TP LinuxClientTargetPlatform
[2018.11.27-13.50.25:350][  0]LogTemp: Display: Loaded TP LinuxNoEditorTargetPlatform
[2018.11.27-13.50.25:362][  0]LogTemp: Display: Loaded TP LinuxServerTargetPlatform
[2018.11.27-13.50.25:375][  0]LogTemp: Display: Loaded TP LinuxTargetPlatform
[2018.11.27-13.50.25:417][  0]LogTemp: Display: Loaded TP LuminTargetPlatform
[2018.11.27-13.50.25:418][  0]LogTemp: Display: Loaded TP LuminTargetPlatform
[2018.11.27-13.50.25:418][  0]LogTargetPlatformManager: Display: Building Assets For Windows
[2018.11.27-13.50.25:484][  0]LogShaderCompilers: Guid format shader working directory is -29 characters bigger than the processId version (../../../../../../Users/Admin/Documents/GitHub/Unreal_Project-S/Project_S/Intermediate/Shaders/WorkingDirectory/243448/).
[2018.11.27-13.50.25:484][  0]LogShaderCompilers: Cleaned the shader compiler working directory 'C:/Users/Admin/AppData/Local/Temp/UnrealShaderWorkingDir/817603C04E1613BC748B119CF1B79DDA/'.
[2018.11.27-13.50.25:487][  0]LogXGEController: Cannot use XGE Controller as Incredibuild is not installed on this machine.
[2018.11.27-13.50.25:487][  0]LogShaderCompilers: Cannot use XGE Shader Compiler as Incredibuild is not installed on this machine.
[2018.11.27-13.50.25:487][  0]LogShaderCompilers: Display: Using Local Shader Compiler.
[2018.11.27-13.50.26:043][  0]LogDerivedDataCache: Display: Max Cache Size: 512 MB
[2018.11.27-13.50.26:098][  0]LogDerivedDataCache: Loaded boot cache 0.05s 71MB C:/Users/Admin/AppData/Local/UnrealEngine/4.21/DerivedDataCache/Boot.ddc.
[2018.11.27-13.50.26:098][  0]LogDerivedDataCache: Display: Loaded Boot cache: C:/Users/Admin/AppData/Local/UnrealEngine/4.21/DerivedDataCache/Boot.ddc
[2018.11.27-13.50.26:098][  0]LogDerivedDataCache: FDerivedDataBackendGraph:  Pak pak cache file ../../../../../../Users/Admin/Documents/GitHub/Unreal_Project-S/Project_S/DerivedDataCache/DDC.ddp not found, will not use a pak cache.
[2018.11.27-13.50.26:098][  0]LogDerivedDataCache: Unable to find inner node Pak for hierarchical cache Hierarchy.
[2018.11.27-13.50.26:098][  0]LogDerivedDataCache: FDerivedDataBackendGraph:  CompressedPak pak cache file ../../../../../../Users/Admin/Documents/GitHub/Unreal_Project-S/Project_S/DerivedDataCache/Compressed.ddp not found, will not use a pak cache.
[2018.11.27-13.50.26:098][  0]LogDerivedDataCache: Unable to find inner node CompressedPak for hierarchical cache Hierarchy.
[2018.11.27-13.50.26:111][  0]LogDerivedDataCache: Display: Pak cache opened for reading ../../../Engine/DerivedDataCache/Compressed.ddp.
[2018.11.27-13.50.26:111][  0]LogDerivedDataCache: FDerivedDataBackendGraph:  EnterprisePak pak cache file ../../../Enterprise/DerivedDataCache/Compressed.ddp not found, will not use a pak cache.
[2018.11.27-13.50.26:111][  0]LogDerivedDataCache: Unable to find inner node EnterprisePak for hierarchical cache Hierarchy.
[2018.11.27-13.50.26:123][  0]LogDerivedDataCache: Using Local data cache path C:/Users/Admin/AppData/Local/UnrealEngine/Common/DerivedDataCache: Writable
[2018.11.27-13.50.26:123][  0]LogDerivedDataCache: Shared data cache path not found in *engine.ini, will not use an Shared cache.
[2018.11.27-13.50.26:123][  0]LogDerivedDataCache: Unable to find inner node Shared for hierarchical cache Hierarchy.
[2018.11.27-13.50.26:148][  0]LogMaterial: Verifying Global Shaders for PCD3D_SM5
[2018.11.27-13.50.26:149][  0]LogSlate: Using FreeType 2.6.0
[2018.11.27-13.50.26:150][  0]LogSlate: SlateFontServices - WITH_FREETYPE: 1, WITH_HARFBUZZ: 1
[2018.11.27-13.50.26:250][  0]LogAssetRegistry: FAssetRegistry took 0.0330 seconds to start up
[2018.11.27-13.50.26:563][  0]LogInit: Selected Device Profile: [Windows]
[2018.11.27-13.50.26:719][  0]LogSimplygon: Simplygon DLL not present - disabling.
[2018.11.27-13.50.26:726][  0]LogMeshReduction: Using SimplygonSwarm for distributed automatic mesh merging
[2018.11.27-13.50.26:726][  0]LogMeshReduction: Using ProxyLODMeshReduction for automatic mesh merging
[2018.11.27-13.50.26:726][  0]LogMeshReduction: Using QuadricMeshReduction for automatic static mesh reduction
[2018.11.27-13.50.26:726][  0]LogMeshReduction: No automatic skeletal mesh reduction module available
[2018.11.27-13.50.26:739][  0]LogNetVersion: Project_S 1.0.0, NetCL: 4541578, EngineNetVer: 5, GameNetVer: 0 (Checksum: 3068105766)
[2018.11.27-13.50.27:280][  0]LogPackageLocalizationCache: Processed 11 localized package path(s) for 2 prioritized culture(s) in 0.083242 seconds
[2018.11.27-13.50.27:285][  0]LogUObjectArray: 39775 objects as part of root set at end of initial load.
[2018.11.27-13.50.27:286][  0]LogUObjectAllocator: 6914664 out of 0 bytes used by permanent object pool.
[2018.11.27-13.50.27:286][  0]LogUObjectArray: CloseDisregardForGC: 0/0 objects in disregard for GC pool
[2018.11.27-13.50.28:307][  0]LogTcpMessaging: Initializing TcpMessaging bridge
[2018.11.27-13.50.28:320][  0]LogUdpMessaging: Initializing bridge on interface 0.0.0.0:0 to multicast group 230.0.0.1:6666.
[2018.11.27-13.50.29:145][  0]SourceControl: Source control is disabled
[2018.11.27-13.50.29:145][  0]SourceControl: Source control is disabled
[2018.11.27-13.50.29:146][  0]SourceControl: Source control is disabled
[2018.11.27-13.50.29:147][  0]SourceControl: Source control is disabled
[2018.11.27-13.50.29:309][  0]LogAndroidPermission: UAndroidPermissionCallbackProxy::GetInstance
[2018.11.27-13.50.29:373][  0]LogOcInput: OculusInput pre-init called
[2018.11.27-13.50.29:515][  0]LogEngine: Initializing Engine...
[2018.11.27-13.50.29:516][  0]LogHMD: Failed to initialize OpenVR with code 100
[2018.11.27-13.50.29:518][  0]LogStats: UGameplayTagsManager::ConstructGameplayTagTree: ImportINI prefixes -  0.000 s
[2018.11.27-13.50.29:518][  0]LogStats: UGameplayTagsManager::ConstructGameplayTagTree: Construct from data asset -  0.000 s
[2018.11.27-13.50.29:518][  0]LogStats: UGameplayTagsManager::ConstructGameplayTagTree: ImportINI -  0.000 s
[2018.11.27-13.50.29:518][  0]LogStats: UGameplayTagsManager::ConstructGameplayTagTree: GameplayTagTreeChangedEvent.Broadcast -  0.000 s
[2018.11.27-13.50.29:763][  0]LogInit: Initializing FReadOnlyCVARCache
[2018.11.27-13.50.29:778][  0]LogAIModule: Creating AISystem for world Untitled
[2018.11.27-13.50.29:795][  0]LogInit: XAudio2 using 'Haut-parleur (Conexant ISST Audio)' : 2 channels at 48 kHz using 32 bits per sample (channel mask 0x3)
[2018.11.27-13.50.30:190][  0]LogInit: FAudioDevice initialized.
[2018.11.27-13.50.30:190][  0]LogNetVersion: Set ProjectVersion to 1.0.0.0. Version Checksum will be recalculated on next use.
[2018.11.27-13.50.30:266][  0]LogDerivedDataCache: Saved boot cache 0.08s 71MB C:/Users/Admin/AppData/Local/UnrealEngine/4.21/DerivedDataCache/Boot.ddc.
[2018.11.27-13.50.30:276][  0]LogInit: Texture streaming: Enabled
[2018.11.27-13.50.30:299][  0]LogEngineSessionManager: EngineSessionManager initialized
[2018.11.27-13.50.30:318][  0]LogInit: Transaction tracking system initialized
[2018.11.27-13.50.30:352][  0]BlueprintLog: New page: Editor Load
[2018.11.27-13.50.30:443][  0]LocalizationService: Localization service is disabled
[2018.11.27-13.50.30:926][  0]LogFileCache: Scanning file cache for directory 'C:/Users/Admin/Documents/GitHub/Unreal_Project-S/Project_S/Content/' took 0.02s
[2018.11.27-13.50.30:926][  0]LogCook: Display: Max memory allowance for cook 16384mb min free memory 0mb
[2018.11.27-13.50.30:926][  0]LogCook: Display: Mobile HDR setting 1
[2018.11.27-13.50.30:926][  0]LogGameplayTags: Display: UGameplayTagsManager::DoneAddingNativeTags. DelegateIsBound: 0
[2018.11.27-13.50.30:926][  0]LogStats: UGameplayTagsManager::ConstructGameplayTagTree: ImportINI prefixes -  0.000 s
[2018.11.27-13.50.30:926][  0]LogStats: UGameplayTagsManager::ConstructGameplayTagTree: Construct from data asset -  0.000 s
[2018.11.27-13.50.30:926][  0]LogStats: UGameplayTagsManager::ConstructGameplayTagTree: ImportINI -  0.000 s
[2018.11.27-13.50.30:926][  0]LogStats: UGameplayTagsManager::ConstructGameplayTagTree: GameplayTagTreeChangedEvent.Broadcast -  0.000 s
[2018.11.27-13.50.31:068][  0]SourceControl: Source control is disabled
[2018.11.27-13.50.31:162][  0]LogWindowsTextInputMethodSystem: Display: IME system now deactivated.
[2018.11.27-13.50.31:164][  0]LogSlate: Took 0.000205 seconds to synchronously load lazily loaded font '../../../Engine/Content/Slate/Fonts/Roboto-Regular.ttf' (155K)
[2018.11.27-13.50.34:148][  0]LogSlate: Window 'Restore Packages' being destroyed
[2018.11.27-13.50.34:149][  0]LogWindowsTextInputMethodSystem: Display: IME system now deactivated.
[2018.11.27-13.50.34:151][  0]LogWindowsTextInputMethodSystem: Display: IME system now deactivated.
[2018.11.27-13.50.34:156][  0]Cmd: MAP LOAD FILE="../../../../../../Users/Admin/Documents/GitHub/Unreal_Project-S/Project_S/Content/FirstPersonBP/Maps/FirstPersonExampleMap.umap" TEMPLATE=0 SHOWPROGRESS=1 FEATURELEVEL=3
[2018.11.27-13.50.34:157][  0]LightingResults: New page: Lighting Build
[2018.11.27-13.50.34:161][  0]MapCheck: New page: Map Check
[2018.11.27-13.50.34:161][  0]LightingResults: New page: Lighting Build
[2018.11.27-13.50.34:475][  0]LogAIModule: Creating AISystem for world FirstPersonExampleMap
[2018.11.27-13.50.34:487][  0]LogEditorServer: Finished looking for orphan Actors (0.000 secs)
[2018.11.27-13.50.34:510][  0]Cmd: MAP CHECKDEP NOCLEARLOG
[2018.11.27-13.50.34:510][  0]MapCheck: Map check complete: 0 Error(s), 0 Warning(s), took 0,156ms to complete.
[2018.11.27-13.50.34:510][  0]LogFileHelpers: Loading map 'FirstPersonExampleMap' took 0.354
[2018.11.27-13.50.34:554][  0]LogSlate: Updating window title bar state: overlay mode, drag disabled, window buttons hidden, title bar hidden
[2018.11.27-13.50.34:563][  0]LogSlate: Updating window title bar state: overlay mode, drag disabled, window buttons hidden, title bar hidden
[2018.11.27-13.50.34:571][  0]LogSlate: Updating window title bar state: overlay mode, drag disabled, window buttons hidden, title bar hidden
[2018.11.27-13.50.34:578][  0]LogSlate: Updating window title bar state: overlay mode, drag disabled, window buttons hidden, title bar hidden
[2018.11.27-13.50.34:586][  0]LogCollectionManager: Loaded 0 collections in 0.002558 seconds
[2018.11.27-13.50.34:615][  0]LogFileCache: Scanning file cache for directory 'C:/Users/Admin/Documents/GitHub/Unreal_Project-S/Project_S/Saved/Collections/' took 0.01s
[2018.11.27-13.50.34:615][  0]LogFileCache: Scanning file cache for directory 'C:/Users/Admin/Documents/GitHub/Unreal_Project-S/Project_S/Content/Developers/Admin/Collections/' took 0.00s
[2018.11.27-13.50.34:615][  0]LogFileCache: Scanning file cache for directory 'C:/Users/Admin/Documents/GitHub/Unreal_Project-S/Project_S/Content/Collections/' took 0.01s
[2018.11.27-13.50.34:615][  0]LogCollectionManager: Rebuilt the GUID cache for 0 collections in 0.000000 seconds
[2018.11.27-13.50.34:623][  0]LogContentBrowser: Native class hierarchy populated in 0.0083 seconds. Added 2651 classes and 620 folders.
[2018.11.27-13.50.34:631][  0]LogContentBrowser: Native class hierarchy updated for 'WidgetCarousel' in 0.0002 seconds. Added 0 classes and 0 folders.
[2018.11.27-13.50.34:633][  0]LogPakFile: Registered encryption key '00000000000000000000000000000000': 0 pak files mounted, 0 remain pending
[2018.11.27-13.50.34:633][  0]LogPakFile: Registered encryption key '00000000000000000000000000000000': 0 pak files mounted, 0 remain pending
[2018.11.27-13.50.34:634][  0]LogPakFile: Registered encryption key '00000000000000000000000000000000': 0 pak files mounted, 0 remain pending
[2018.11.27-13.50.34:634][  0]LogPakFile: Registered encryption key '00000000000000000000000000000000': 0 pak files mounted, 0 remain pending
[2018.11.27-13.50.34:635][  0]LogPakFile: Registered encryption key '00000000000000000000000000000000': 0 pak files mounted, 0 remain pending
[2018.11.27-13.50.34:636][  0]LogPakFile: Registered encryption key '00000000000000000000000000000000': 0 pak files mounted, 0 remain pending
[2018.11.27-13.50.34:636][  0]LogPakFile: Registered encryption key '00000000000000000000000000000000': 0 pak files mounted, 0 remain pending
[2018.11.27-13.50.34:637][  0]LogPakFile: Registered encryption key '00000000000000000000000000000000': 0 pak files mounted, 0 remain pending
[2018.11.27-13.50.34:637][  0]LogPakFile: Registered encryption key '00000000000000000000000000000000': 0 pak files mounted, 0 remain pending
[2018.11.27-13.50.34:638][  0]LogPakFile: Registered encryption key '00000000000000000000000000000000': 0 pak files mounted, 0 remain pending
[2018.11.27-13.50.34:639][  0]LogPakFile: Registered encryption key '00000000000000000000000000000000': 0 pak files mounted, 0 remain pending
[2018.11.27-13.50.34:639][  0]LogPakFile: Registered encryption key '00000000000000000000000000000000': 0 pak files mounted, 0 remain pending
[2018.11.27-13.50.34:640][  0]LogPakFile: Registered encryption key '00000000000000000000000000000000': 0 pak files mounted, 0 remain pending
[2018.11.27-13.50.34:640][  0]LogPakFile: Registered encryption key '00000000000000000000000000000000': 0 pak files mounted, 0 remain pending
[2018.11.27-13.50.34:641][  0]LogPakFile: Registered encryption key '00000000000000000000000000000000': 0 pak files mounted, 0 remain pending
[2018.11.27-13.50.34:641][  0]LogPakFile: Registered encryption key '00000000000000000000000000000000': 0 pak files mounted, 0 remain pending
[2018.11.27-13.50.34:642][  0]LogPakFile: Registered encryption key '00000000000000000000000000000000': 0 pak files mounted, 0 remain pending
[2018.11.27-13.50.34:643][  0]LogPakFile: Registered encryption key '00000000000000000000000000000000': 0 pak files mounted, 0 remain pending
[2018.11.27-13.50.34:644][  0]LogPakFile: Registered encryption key '00000000000000000000000000000000': 0 pak files mounted, 0 remain pending
[2018.11.27-13.50.34:644][  0]LogPakFile: Registered encryption key '00000000000000000000000000000000': 0 pak files mounted, 0 remain pending
[2018.11.27-13.50.34:645][  0]LogPakFile: Registered encryption key '00000000000000000000000000000000': 0 pak files mounted, 0 remain pending
[2018.11.27-13.50.34:645][  0]LogPakFile: Registered encryption key '00000000000000000000000000000000': 0 pak files mounted, 0 remain pending
[2018.11.27-13.50.34:646][  0]LogPakFile: Registered encryption key '00000000000000000000000000000000': 0 pak files mounted, 0 remain pending
[2018.11.27-13.50.34:646][  0]LogPakFile: Registered encryption key '00000000000000000000000000000000': 0 pak files mounted, 0 remain pending
[2018.11.27-13.50.34:647][  0]LogPakFile: Registered encryption key '00000000000000000000000000000000': 0 pak files mounted, 0 remain pending
[2018.11.27-13.50.34:648][  0]LogPakFile: Registered encryption key '00000000000000000000000000000000': 0 pak files mounted, 0 remain pending
[2018.11.27-13.50.34:706][  0]LogContentBrowser: Native class hierarchy updated for 'AddContentDialog' in 0.0002 seconds. Added 0 classes and 0 folders.
[2018.11.27-13.50.34:711][  0]LogContentBrowser: Native class hierarchy updated for 'SceneOutliner' in 0.0003 seconds. Added 1 classes and 2 folders.
[2018.11.27-13.50.34:725][  0]LogSlate: Took 0.000326 seconds to synchronously load lazily loaded font '../../../Engine/Content/Slate/Fonts/Roboto-Bold.ttf' (160K)
[2018.11.27-13.50.34:732][  0]LogSlate: Took 0.000282 seconds to synchronously load lazily loaded font '../../../Engine/Content/Editor/Slate/Fonts/FontAwesome.ttf' (139K)
[2018.11.27-13.50.34:791][  0]LogRenderer: Reallocating scene render targets to support 896x504 Format 10 NumSamples 1 (Frame:1).
[2018.11.27-13.50.34:949][  0]LogContentBrowser: Native class hierarchy updated for 'HierarchicalLODOutliner' in 0.0002 seconds. Added 0 classes and 0 folders.
[2018.11.27-13.50.34:949][  0]LogLoad: (Engine Initialization) Total time: 12.95 seconds
[2018.11.27-13.50.34:949][  0]LogLoad: (Engine Initialization) Total Blueprint compile time: 0.00 seconds
[2018.11.27-13.50.35:038][  0]LogContentStreaming: Texture pool size now 1000 MB
[2018.11.27-13.50.35:058][  0]LogSlate: Took 0.000270 seconds to synchronously load lazily loaded font '../../../Engine/Content/Slate/Fonts/Roboto-Light.ttf' (167K)
[2018.11.27-13.50.35:125][  2]LogAssetRegistry: Asset discovery search completed in 8.8972 seconds
[2018.11.27-13.50.35:126][  2]LogCollectionManager: Rebuilt the object cache for 0 collections in 0.000000 seconds (found 0 objects)
[2018.11.27-13.50.35:126][  2]LogCollectionManager: Fixed up redirectors for 0 collections in 0.000047 seconds (updated 0 objects)
[2018.11.27-13.50.35:975][ 38]LogSlate: Took 0.000193 seconds to synchronously load lazily loaded font '../../../Engine/Content/Slate/Fonts/Roboto-Light.ttf' (167K)
[2018.11.27-13.50.37:578][134]LogSlate: FSceneViewport::OnFocusLost() reason 0
[2018.11.27-13.50.40:057][279]LogAssetEditorManager: Opening Asset editor for Material /Game/Blueprints/MAT_ObjectTest.MAT_ObjectTest
[2018.11.27-13.50.40:060][279]LogMaterial: Display: Missing cached shader map for material MAT_ObjectTest, compiling. 
[2018.11.27-13.50.40:389][279]LogMaterial: Display: Missing cached shader map for material MAT_ObjectTest, compiling. 
[2018.11.27-13.50.40:408][279]LogMaterial: Display: Missing cached shader map for material MAT_ObjectTest, compiling. 
[2018.11.27-13.50.40:440][279]LogShaderCompilers: Display: Shaders left to compile 21
[2018.11.27-13.50.40:440][279]LogShaderCompilers: Display: Shaders left to compile 20
[2018.11.27-13.50.40:440][279]LogShaderCompilers: Display: Shaders left to compile 19
[2018.11.27-13.50.40:440][279]LogShaderCompilers: Display: Shaders left to compile 18
[2018.11.27-13.50.40:454][279]LogMaterial: Display: Missing cached shader map for material FMatExpressionPreview MaterialExpressionVectorParameter_0, compiling. 
[2018.11.27-13.50.40:499][279]LogSlate: Took 0.000269 seconds to synchronously load lazily loaded font '../../../Engine/Content/Slate/Fonts/Roboto-BoldCondensed.ttf' (158K)
[2018.11.27-13.50.40:666][280]LogSlate: Took 0.000276 seconds to synchronously load lazily loaded font '../../../Engine/Content/Slate/Fonts/Roboto-Italic.ttf' (157K)
[2018.11.27-13.50.40:929][295]LogShaderCompilers: Display: Shaders left to compile 19
[2018.11.27-13.50.40:977][298]LogShaderCompilers: Display: Shaders left to compile 18
[2018.11.27-13.50.40:993][299]LogShaderCompilers: Display: Shaders left to compile 17
[2018.11.27-13.50.40:993][299]LogShaderCompilers: Display: Shaders left to compile 16
[2018.11.27-13.50.41:146][308]LogShaderCompilers: Display: Shaders left to compile 15
[2018.11.27-13.50.41:162][309]LogShaderCompilers: Display: Shaders left to compile 14
[2018.11.27-13.50.41:195][311]LogShaderCompilers: Display: Shaders left to compile 13
[2018.11.27-13.50.41:195][311]LogShaderCompilers: Display: Shaders left to compile 12
[2018.11.27-13.50.41:328][319]LogShaderCompilers: Display: Shaders left to compile 11
[2018.11.27-13.50.41:478][328]LogShaderCompilers: Display: Shaders left to compile 10
[2018.11.27-13.50.41:629][337]LogShaderCompilers: Display: Shaders left to compile 9
[2018.11.27-13.50.41:661][339]LogShaderCompilers: Display: Shaders left to compile 8
[2018.11.27-13.50.41:781][346]LogShaderCompilers: Display: Shaders left to compile 7
[2018.11.27-13.50.41:895][353]LogShaderCompilers: Display: Shaders left to compile 6
[2018.11.27-13.50.41:961][357]LogShaderCompilers: Display: Shaders left to compile 5
[2018.11.27-13.50.42:145][368]LogShaderCompilers: Display: Shaders left to compile 4
[2018.11.27-13.50.42:163][369]LogShaderCompilers: Display: Shaders left to compile 3
[2018.11.27-13.50.42:296][377]LogShaderCompilers: Display: Shaders left to compile 2
[2018.11.27-13.50.42:396][383]LogShaderCompilers: Display: Shaders left to compile 1
[2018.11.27-13.50.43:124][426]MaterialEditorStats: Base pass shader: 101 instructions
[2018.11.27-13.50.43:124][426]MaterialEditorStats: Base pass shader with Volumetric Lightmap: 169 instructions
[2018.11.27-13.50.43:124][426]MaterialEditorStats: Base pass vertex shader: 32 instructions
[2018.11.27-13.50.43:124][426]MaterialEditorStats: Texture samplers: 3/16
[2018.11.27-13.50.44:087][483]LogMaterial: Display: Missing cached shader map for material MAT_ObjectTest, compiling. 
[2018.11.27-13.50.44:135][484]LogShaderCompilers: Display: Shaders left to compile 21
[2018.11.27-13.50.44:135][484]LogShaderCompilers: Display: Shaders left to compile 20
[2018.11.27-13.50.44:135][484]LogShaderCompilers: Display: Shaders left to compile 19
[2018.11.27-13.50.44:135][484]LogShaderCompilers: Display: Shaders left to compile 18
[2018.11.27-13.50.44:359][498]LogShaderCompilers: Display: Shaders left to compile 17
[2018.11.27-13.50.44:375][499]LogShaderCompilers: Display: Shaders left to compile 16
[2018.11.27-13.50.44:391][500]LogShaderCompilers: Display: Shaders left to compile 15
[2018.11.27-13.50.44:391][500]LogShaderCompilers: Display: Shaders left to compile 14
[2018.11.27-13.50.44:559][510]LogShaderCompilers: Display: Shaders left to compile 13
[2018.11.27-13.50.44:576][511]LogShaderCompilers: Display: Shaders left to compile 12
[2018.11.27-13.50.44:592][512]LogShaderCompilers: Display: Shaders left to compile 11
[2018.11.27-13.50.44:609][513]LogShaderCompilers: Display: Shaders left to compile 10
[2018.11.27-13.50.44:760][522]LogShaderCompilers: Display: Shaders left to compile 9
[2018.11.27-13.50.44:877][529]LogShaderCompilers: Display: Shaders left to compile 8
[2018.11.27-13.50.45:059][540]LogShaderCompilers: Display: Shaders left to compile 7
[2018.11.27-13.50.45:110][543]LogShaderCompilers: Display: Shaders left to compile 6
[2018.11.27-13.50.45:241][550]LogShaderCompilers: Display: Shaders left to compile 5
[2018.11.27-13.50.45:387][558]LogShaderCompilers: Display: Shaders left to compile 4
[2018.11.27-13.50.45:440][561]LogShaderCompilers: Display: Shaders left to compile 3
[2018.11.27-13.50.45:673][575]LogShaderCompilers: Display: Shaders left to compile 2
[2018.11.27-13.50.45:673][575]LogShaderCompilers: Display: Shaders left to compile 1
[2018.11.27-13.50.46:370][597]MaterialEditorStats: Base pass shader: 103 instructions
[2018.11.27-13.50.46:370][597]MaterialEditorStats: Base pass shader with Volumetric Lightmap: 177 instructions
[2018.11.27-13.50.46:370][597]MaterialEditorStats: Base pass vertex shader: 32 instructions
[2018.11.27-13.50.46:370][597]MaterialEditorStats: Texture samplers: 3/16
[2018.11.27-13.51.02:630][830]LogProperty: Warning: ObjectProperty /Script/Engine.ExpressionInput:Expression: unresolved reference to 'MaterialExpressionComponentMask'"MaterialGraphNode_33.MaterialExpressionComponentMask_5"')'
[2018.11.27-13.51.02:630][830]LogProperty: Warning: ObjectProperty /Script/Engine.ExpressionInput:Expression: unresolved reference to 'MaterialExpressionMultiply'"MaterialGraphNode_34.MaterialExpressionMultiply_3"')'
[2018.11.27-13.51.02:630][830]LogProperty: Warning: ObjectProperty /Script/Engine.ExpressionInput:Expression: unresolved reference to 'MaterialExpressionClamp'"MaterialGraphNode_30.MaterialExpressionClamp_0"')'
[2018.11.27-13.51.02:630][830]LogLinker: Can't find file '/Engine/Transient'
[2018.11.27-13.51.02:630][830]LogProperty: Warning: ObjectProperty /Script/Engine.MaterialExpression:Material: unresolved reference to 'PreviewMaterial'"/Engine/Transient.PM_Outline"''
[2018.11.27-13.51.02:631][830]LogProperty: Warning: ObjectProperty /Script/Engine.MaterialExpression:Material: unresolved reference to 'PreviewMaterial'"/Engine/Transient.PM_Outline"''
[2018.11.27-13.51.02:631][830]LogProperty: Warning: ObjectProperty /Script/Engine.MaterialExpression:Material: unresolved reference to 'PreviewMaterial'"/Engine/Transient.PM_Outline"''
[2018.11.27-13.51.02:631][830]LogProperty: Warning: ObjectProperty /Script/Engine.ExpressionInput:Expression: unresolved reference to 'MaterialExpressionSceneTexelSize'"MaterialGraphNode_1.MaterialExpressionSceneTexelSize_0"')'
[2018.11.27-13.51.02:631][830]LogProperty: Warning: ObjectProperty /Script/Engine.ExpressionInput:Expression: unresolved reference to 'MaterialExpressionScalarParameter'"MaterialGraphNode_2.MaterialExpressionScalarParameter_0"')'
[2018.11.27-13.51.02:632][830]LogProperty: Warning: ObjectProperty /Script/Engine.MaterialExpression:Material: unresolved reference to 'PreviewMaterial'"/Engine/Transient.PM_Outline"''
[2018.11.27-13.51.02:632][830]LogProperty: Warning: ObjectProperty /Script/Engine.ExpressionInput:Expression: unresolved reference to 'MaterialExpressionMultiply'"MaterialGraphNode_3.MaterialExpressionMultiply_0"')'
[2018.11.27-13.51.02:632][830]LogProperty: Warning: ObjectProperty /Script/Engine.MaterialExpression:Material: unresolved reference to 'PreviewMaterial'"/Engine/Transient.PM_Outline"''
[2018.11.27-13.51.02:632][830]LogProperty: Warning: ObjectProperty /Script/Engine.ExpressionInput:Expression: unresolved reference to 'MaterialExpressionMultiply'"MaterialGraphNode_3.MaterialExpressionMultiply_0"')'
[2018.11.27-13.51.02:632][830]LogProperty: Warning: ObjectProperty /Script/Engine.MaterialExpression:Material: unresolved reference to 'PreviewMaterial'"/Engine/Transient.PM_Outline"''
[2018.11.27-13.51.02:633][830]LogProperty: Warning: ObjectProperty /Script/Engine.ExpressionInput:Expression: unresolved reference to 'MaterialExpressionComponentMask'"MaterialGraphNode_4.MaterialExpressionComponentMask_0"')'
[2018.11.27-13.51.02:633][830]LogProperty: Warning: ObjectProperty /Script/Engine.ExpressionInput:Expression: unresolved reference to 'MaterialExpressionConstant'"MaterialGraphNode_7.MaterialExpressionConstant_1"')'
[2018.11.27-13.51.02:633][830]LogProperty: Warning: ObjectProperty /Script/Engine.MaterialExpression:Material: unresolved reference to 'PreviewMaterial'"/Engine/Transient.PM_Outline"''
[2018.11.27-13.51.02:633][830]LogProperty: Warning: ObjectProperty /Script/Engine.MaterialExpression:Material: unresolved reference to 'PreviewMaterial'"/Engine/Transient.PM_Outline"''
[2018.11.27-13.51.02:634][830]LogProperty: Warning: ObjectProperty /Script/Engine.ExpressionInput:Expression: unresolved reference to 'MaterialExpressionConstant'"MaterialGraphNode_7.MaterialExpressionConstant_1"')'
[2018.11.27-13.51.02:634][830]LogProperty: Warning: ObjectProperty /Script/Engine.ExpressionInput:Expression: unresolved reference to 'MaterialExpressionComponentMask'"MaterialGraphNode_5.MaterialExpressionComponentMask_1"')'
[2018.11.27-13.51.02:634][830]LogProperty: Warning: ObjectProperty /Script/Engine.MaterialExpression:Material: unresolved reference to 'PreviewMaterial'"/Engine/Transient.PM_Outline"''
[2018.11.27-13.51.02:634][830]LogProperty: Warning: ObjectProperty /Script/Engine.MaterialExpression:Material: unresolved reference to 'PreviewMaterial'"/Engine/Transient.PM_Outline"''
[2018.11.27-13.51.02:635][830]LogProperty: Warning: ObjectProperty /Script/Engine.ExpressionInput:Expression: unresolved reference to 'MaterialExpressionAppendVector'"MaterialGraphNode_6.MaterialExpressionAppendVector_0"')'
[2018.11.27-13.51.02:635][830]LogProperty: Warning: ObjectProperty /Script/Engine.ExpressionInput:Expression: unresolved reference to 'MaterialExpressionScreenPosition'"MaterialGraphNode_9.MaterialExpressionScreenPosition_0"')'
[2018.11.27-13.51.02:635][830]LogProperty: Warning: ObjectProperty /Script/Engine.MaterialExpression:Material: unresolved reference to 'PreviewMaterial'"/Engine/Transient.PM_Outline"''
[2018.11.27-13.51.02:635][830]LogProperty: Warning: ObjectProperty /Script/Engine.ExpressionInput:Expression: unresolved reference to 'MaterialExpressionScreenPosition'"MaterialGraphNode_9.MaterialExpressionScreenPosition_0"')'
[2018.11.27-13.51.02:635][830]LogProperty: Warning: ObjectProperty /Script/Engine.ExpressionInput:Expression: unresolved reference to 'MaterialExpressionAppendVector'"MaterialGraphNode_6.MaterialExpressionAppendVector_0"')'
[2018.11.27-13.51.02:635][830]LogProperty: Warning: ObjectProperty /Script/Engine.MaterialExpression:Material: unresolved reference to 'PreviewMaterial'"/Engine/Transient.PM_Outline"''
[2018.11.27-13.51.02:636][830]LogProperty: Warning: ObjectProperty /Script/Engine.ExpressionInput:Expression: unresolved reference to 'MaterialExpressionScreenPosition'"MaterialGraphNode_9.MaterialExpressionScreenPosition_0"')'
[2018.11.27-13.51.02:636][830]LogProperty: Warning: ObjectProperty /Script/Engine.ExpressionInput:Expression: unresolved reference to 'MaterialExpressionAppendVector'"MaterialGraphNode_8.MaterialExpressionAppendVector_1"')'
[2018.11.27-13.51.02:636][830]LogProperty: Warning: ObjectProperty /Script/Engine.MaterialExpression:Material: unresolved reference to 'PreviewMaterial'"/Engine/Transient.PM_Outline"''
[2018.11.27-13.51.02:636][830]LogProperty: Warning: ObjectProperty /Script/Engine.ExpressionInput:Expression: unresolved reference to 'MaterialExpressionScreenPosition'"MaterialGraphNode_9.MaterialExpressionScreenPosition_0"')'
[2018.11.27-13.51.02:636][830]LogProperty: Warning: ObjectProperty /Script/Engine.ExpressionInput:Expression: unresolved reference to 'MaterialExpressionAppendVector'"MaterialGraphNode_8.MaterialExpressionAppendVector_1"')'
[2018.11.27-13.51.02:636][830]LogProperty: Warning: ObjectProperty /Script/Engine.MaterialExpression:Material: unresolved reference to 'PreviewMaterial'"/Engine/Transient.PM_Outline"''
[2018.11.27-13.51.02:637][830]LogProperty: Warning: ObjectProperty /Script/Engine.ExpressionInput:Expression: unresolved reference to 'MaterialExpressionAdd'"MaterialGraphNode_10.MaterialExpressionAdd_0"')'
[2018.11.27-13.51.02:637][830]LogProperty: Warning: ObjectProperty /Script/Engine.MaterialExpression:Material: unresolved reference to 'PreviewMaterial'"/Engine/Transient.PM_Outline"''
[2018.11.27-13.51.02:637][830]LogProperty: Warning: ObjectProperty /Script/Engine.ExpressionInput:Expression: unresolved reference to 'MaterialExpressionSubtract'"MaterialGraphNode_11.MaterialExpressionSubtract_0"')'
[2018.11.27-13.51.02:637][830]LogProperty: Warning: ObjectProperty /Script/Engine.MaterialExpression:Material: unresolved reference to 'PreviewMaterial'"/Engine/Transient.PM_Outline"''
[2018.11.27-13.51.02:638][830]LogProperty: Warning: ObjectProperty /Script/Engine.ExpressionInput:Expression: unresolved reference to 'MaterialExpressionAdd'"MaterialGraphNode_12.MaterialExpressionAdd_1"')'
[2018.11.27-13.51.02:638][830]LogProperty: Warning: ObjectProperty /Script/Engine.MaterialExpression:Material: unresolved reference to 'PreviewMaterial'"/Engine/Transient.PM_Outline"''
[2018.11.27-13.51.02:638][830]LogProperty: Warning: ObjectProperty /Script/Engine.ExpressionInput:Expression: unresolved reference to 'MaterialExpressionSubtract'"MaterialGraphNode_13.MaterialExpressionSubtract_1"')'
[2018.11.27-13.51.02:638][830]LogProperty: Warning: ObjectProperty /Script/Engine.MaterialExpression:Material: unresolved reference to 'PreviewMaterial'"/Engine/Transient.PM_Outline"''
[2018.11.27-13.51.02:639][830]LogProperty: Warning: ObjectProperty /Script/Engine.ExpressionInput:Expression: unresolved reference to 'MaterialExpressionSceneTexture'"MaterialGraphNode_14.MaterialExpressionSceneTexture_3"',Mask=1,MaskR=1,MaskG=1,MaskB=1,MaskA=1)'
[2018.11.27-13.51.02:639][830]LogProperty: Warning: ObjectProperty /Script/Engine.ExpressionInput:Expression: unresolved reference to 'MaterialExpressionSceneTexture'"MaterialGraphNode_15.MaterialExpressionSceneTexture_6"',Mask=1,MaskR=1,MaskG=1,MaskB=1,MaskA=1)'
[2018.11.27-13.51.02:639][830]LogProperty: Warning: ObjectProperty /Script/Engine.MaterialExpression:Material: unresolved reference to 'PreviewMaterial'"/Engine/Transient.PM_Outline"''
[2018.11.27-13.51.02:639][830]LogProperty: Warning: ObjectProperty /Script/Engine.ExpressionInput:Expression: unresolved reference to 'MaterialExpressionSceneTexture'"MaterialGraphNode_16.MaterialExpressionSceneTexture_7"',Mask=1,MaskR=1,MaskG=1,MaskB=1,MaskA=1)'
[2018.11.27-13.51.02:639][830]LogProperty: Warning: ObjectProperty /Script/Engine.ExpressionInput:Expression: unresolved reference to 'MaterialExpressionSceneTexture'"MaterialGraphNode_17.MaterialExpressionSceneTexture_8"',Mask=1,MaskR=1,MaskG=1,MaskB=1,MaskA=1)'
[2018.11.27-13.51.02:639][830]LogProperty: Warning: ObjectProperty /Script/Engine.MaterialExpression:Material: unresolved reference to 'PreviewMaterial'"/Engine/Transient.PM_Outline"''
[2018.11.27-13.51.02:640][830]LogProperty: Warning: ObjectProperty /Script/Engine.ExpressionInput:Expression: unresolved reference to 'MaterialExpressionSubtract'"MaterialGraphNode_18.MaterialExpressionSubtract_2"')'
[2018.11.27-13.51.02:640][830]LogProperty: Warning: ObjectProperty /Script/Engine.MaterialExpression:Material: unresolved reference to 'PreviewMaterial'"/Engine/Transient.PM_Outline"''
[2018.11.27-13.51.02:640][830]LogProperty: Warning: ObjectProperty /Script/Engine.ExpressionInput:Expression: unresolved reference to 'MaterialExpressionSubtract'"MaterialGraphNode_19.MaterialExpressionSubtract_3"')'
[2018.11.27-13.51.02:640][830]LogProperty: Warning: ObjectProperty /Script/Engine.MaterialExpression:Material: unresolved reference to 'PreviewMaterial'"/Engine/Transient.PM_Outline"''
[2018.11.27-13.51.02:641][830]LogProperty: Warning: ObjectProperty /Script/Engine.ExpressionInput:Expression: unresolved reference to 'MaterialExpressionComponentMask'"MaterialGraphNode_20.MaterialExpressionComponentMask_2"')'
[2018.11.27-13.51.02:641][830]LogProperty: Warning: ObjectProperty /Script/Engine.ExpressionInput:Expression: unresolved reference to 'MaterialExpressionConstant'"MaterialGraphNode_23.MaterialExpressionConstant_2"')'
[2018.11.27-13.51.02:641][830]LogProperty: Warning: ObjectProperty /Script/Engine.MaterialExpression:Material: unresolved reference to 'PreviewMaterial'"/Engine/Transient.PM_Outline"''
[2018.11.27-13.51.02:641][830]LogProperty: Warning: ObjectProperty /Script/Engine.MaterialExpression:Material: unresolved reference to 'PreviewMaterial'"/Engine/Transient.PM_Outline"''
[2018.11.27-13.51.02:641][830]LogProperty: Warning: ObjectProperty /Script/Engine.ExpressionInput:Expression: unresolved reference to 'MaterialExpressionComponentMask'"MaterialGraphNode_21.MaterialExpressionComponentMask_3"')'
[2018.11.27-13.51.02:641][830]LogProperty: Warning: ObjectProperty /Script/Engine.ExpressionInput:Expression: unresolved reference to 'MaterialExpressionConstant'"MaterialGraphNode_23.MaterialExpressionConstant_2"')'
[2018.11.27-13.51.02:642][830]LogProperty: Warning: ObjectProperty /Script/Engine.MaterialExpression:Material: unresolved reference to 'PreviewMaterial'"/Engine/Transient.PM_Outline"''
[2018.11.27-13.51.02:642][830]LogProperty: Warning: ObjectProperty /Script/Engine.ExpressionInput:Expression: unresolved reference to 'MaterialExpressionDivide'"MaterialGraphNode_22.MaterialExpressionDivide_0"')'
[2018.11.27-13.51.02:642][830]LogProperty: Warning: ObjectProperty /Script/Engine.MaterialExpression:Material: unresolved reference to 'PreviewMaterial'"/Engine/Transient.PM_Outline"''
[2018.11.27-13.51.02:642][830]LogProperty: Warning: ObjectProperty /Script/Engine.ExpressionInput:Expression: unresolved reference to 'MaterialExpressionDivide'"MaterialGraphNode_24.MaterialExpressionDivide_1"')'
[2018.11.27-13.51.02:643][830]LogProperty: Warning: ObjectProperty /Script/Engine.MaterialExpression:Material: unresolved reference to 'PreviewMaterial'"/Engine/Transient.PM_Outline"''
[2018.11.27-13.51.02:643][830]LogProperty: Warning: ObjectProperty /Script/Engine.ExpressionInput:Expression: unresolved reference to 'MaterialExpressionAbs'"MaterialGraphNode_25.MaterialExpressionAbs_0"')'
[2018.11.27-13.51.02:643][830]LogProperty: Warning: ObjectProperty /Script/Engine.MaterialExpression:Material: unresolved reference to 'PreviewMaterial'"/Engine/Transient.PM_Outline"''
[2018.11.27-13.51.02:643][830]LogProperty: Warning: ObjectProperty /Script/Engine.ExpressionInput:Expression: unresolved reference to 'MaterialExpressionAbs'"MaterialGraphNode_26.MaterialExpressionAbs_1"')'
[2018.11.27-13.51.02:643][830]LogProperty: Warning: ObjectProperty /Script/Engine.MaterialExpression:Material: unresolved reference to 'PreviewMaterial'"/Engine/Transient.PM_Outline"''
[2018.11.27-13.51.02:644][830]LogProperty: Warning: ObjectProperty /Script/Engine.ExpressionInput:Expression: unresolved reference to 'MaterialExpressionFloor'"MaterialGraphNode_27.MaterialExpressionFloor_0"')'
[2018.11.27-13.51.02:644][830]LogProperty: Warning: ObjectProperty /Script/Engine.ExpressionInput:Expression: unresolved reference to 'MaterialExpressionFloor'"MaterialGraphNode_28.MaterialExpressionFloor_1"')'
[2018.11.27-13.51.02:644][830]LogProperty: Warning: ObjectProperty /Script/Engine.MaterialExpression:Material: unresolved reference to 'PreviewMaterial'"/Engine/Transient.PM_Outline"''
[2018.11.27-13.51.02:644][830]LogProperty: Warning: ObjectProperty /Script/Engine.ExpressionInput:Expression: unresolved reference to 'MaterialExpressionAdd'"MaterialGraphNode_29.MaterialExpressionAdd_2"')'
[2018.11.27-13.51.02:644][830]LogProperty: Warning: ObjectProperty /Script/Engine.MaterialExpression:Material: unresolved reference to 'PreviewMaterial'"/Engine/Transient.PM_Outline"''
[2018.11.27-13.51.02:645][830]LogProperty: Warning: ObjectProperty /Script/Engine.MaterialExpression:Material: unresolved reference to 'PreviewMaterial'"/Engine/Transient.PM_Outline"''
[2018.11.27-13.51.02:645][830]LogProperty: Warning: ObjectProperty /Script/Engine.MaterialExpression:Material: unresolved reference to 'PreviewMaterial'"/Engine/Transient.PM_Outline"''
[2018.11.27-13.51.02:646][830]LogProperty: Warning: ObjectProperty /Script/Engine.ExpressionInput:Expression: unresolved reference to 'MaterialExpressionSceneTexture'"MaterialGraphNode_31.MaterialExpressionSceneTexture_0"',Mask=1,MaskR=1,MaskG=1,MaskB=1,MaskA=1)'
[2018.11.27-13.51.02:646][830]LogProperty: Warning: ObjectProperty /Script/Engine.MaterialExpression:Material: unresolved reference to 'PreviewMaterial'"/Engine/Transient.PM_Outline"''
[2018.11.27-13.51.02:646][830]LogProperty: Warning: ObjectProperty /Script/Engine.ExpressionInput:Expression: unresolved reference to 'MaterialExpressionComponentMask'"MaterialGraphNode_33.MaterialExpressionComponentMask_5"')'
[2018.11.27-13.51.02:646][830]LogProperty: Warning: ObjectProperty /Script/Engine.ExpressionInput:Expression: unresolved reference to 'MaterialExpressionVectorParameter'"MaterialGraphNode_32.MaterialExpressionVectorParameter_0"',Mask=1,MaskR=1,MaskG=1,MaskB=1)'
[2018.11.27-13.51.02:647][830]LogProperty: Warning: ObjectProperty /Script/Engine.MaterialExpression:Material: unresolved reference to 'PreviewMaterial'"/Engine/Transient.PM_Outline"''
[2018.11.27-13.51.02:647][830]LogUObjectHash: Warning: Ambiguous search, could be MaterialExpressionComment /Engine/Functions/Engine_MaterialFunctions01/Shading/ConvertFromDiffSpec.ConvertFromDiffSpec:MaterialExpressionComment_0 or MaterialExpressionComment /Engine/Functions/Engine_MaterialFunctions01/Opacity/CameraDepthFade.CameraDepthFade:MaterialExpressionComment_0
[2018.11.27-13.51.02:647][830]LogUObjectHash: Warning: Ambiguous search, could be MaterialExpressionComment /Engine/Functions/Engine_MaterialFunctions01/Shading/ConvertFromDiffSpec.ConvertFromDiffSpec:MaterialExpressionComment_0 or MaterialExpressionComment /Engine/EngineMaterials/WorldGridMaterial.WorldGridMaterial:MaterialExpressionComment_0
[2018.11.27-13.51.02:647][830]LogUObjectHash: Warning: Ambiguous search, could be MaterialExpressionComment /Engine/Functions/Engine_MaterialFunctions01/Shading/ConvertFromDiffSpec.ConvertFromDiffSpec:MaterialExpressionComment_0 or MaterialExpressionComment /Engine/Functions/Engine_MaterialFunctions02/Utility/Round.Round:MaterialExpressionComment_0
[2018.11.27-13.51.02:647][830]LogUObjectHash: Warning: Ambiguous search, could be MaterialExpressionComment /Engine/Functions/Engine_MaterialFunctions01/Shading/ConvertFromDiffSpec.ConvertFromDiffSpec:MaterialExpressionComment_0 or MaterialExpressionComment /Engine/EngineMaterials/BaseFlattenMaterial.BaseFlattenMaterial:MaterialExpressionComment_0
[2018.11.27-13.51.02:647][830]LogUObjectHash: Warning: Ambiguous search, could be MaterialExpressionComment /Engine/Functions/Engine_MaterialFunctions01/Shading/ConvertFromDiffSpec.ConvertFromDiffSpec:MaterialExpressionComment_0 or MaterialExpressionComment /Engine/EditorMaterials/Thumbnails/FloorPlaneMaterial.FloorPlaneMaterial:MaterialExpressionComment_0
[2018.11.27-13.51.02:647][830]LogUObjectHash: Warning: Ambiguous search, could be MaterialExpressionComment /Engine/Functions/Engine_MaterialFunctions01/Shading/ConvertFromDiffSpec.ConvertFromDiffSpec:MaterialExpressionComment_0 or MaterialExpressionComment /Engine/BufferVisualization/CustomStencil.CustomStencil:MaterialExpressionComment_0
[2018.11.27-13.51.02:647][830]LogUObjectHash: Warning: Ambiguous search, could be MaterialExpressionComment /Engine/Functions/Engine_MaterialFunctions01/Shading/ConvertFromDiffSpec.ConvertFromDiffSpec:MaterialExpressionComment_0 or MaterialExpressionComment /Engine/EngineDebugMaterials/MAT_LevelColorationLitLightmapUV.MAT_LevelColorationLitLightmapUV:MaterialExpressionComment_0
[2018.11.27-13.51.02:647][830]LogUObjectHash: Warning: Ambiguous search, could be MaterialExpressionComment /Engine/Functions/Engine_MaterialFunctions01/Shading/ConvertFromDiffSpec.ConvertFromDiffSpec:MaterialExpressionComment_0 or MaterialExpressionComment /Engine/EngineDebugMaterials/GeomMaterial.GeomMaterial:MaterialExpressionComment_0
[2018.11.27-13.51.02:647][830]LogUObjectHash: Warning: Ambiguous search, could be MaterialExpressionComment /Engine/Functions/Engine_MaterialFunctions01/Shading/ConvertFromDiffSpec.ConvertFromDiffSpec:MaterialExpressionComment_0 or MaterialExpressionComment /Engine/EngineDebugMaterials/ClothMaterial.ClothMaterial:MaterialExpressionComment_0
[2018.11.27-13.51.02:647][830]LogUObjectHash: Warning: Ambiguous search, could be MaterialExpressionComment /Engine/Functions/Engine_MaterialFunctions01/Shading/ConvertFromDiffSpec.ConvertFromDiffSpec:MaterialExpressionComment_0 or MaterialExpressionComment /Engine/EngineDebugMaterials/ClothMaterial_WF.ClothMaterial_WF:MaterialExpressionComment_0
[2018.11.27-13.51.02:647][830]LogUObjectHash: Warning: Ambiguous search, could be MaterialExpressionComment /Engine/Functions/Engine_MaterialFunctions01/Shading/ConvertFromDiffSpec.ConvertFromDiffSpec:MaterialExpressionComment_0 or MaterialExpressionComment /Engine/EditorMaterials/CompositeARGBLayer.CompositeARGBLayer:MaterialExpressionComment_0
[2018.11.27-13.51.02:647][830]LogUObjectHash: Warning: Ambiguous search, could be MaterialExpressionComment /Engine/Functions/Engine_MaterialFunctions01/Shading/ConvertFromDiffSpec.ConvertFromDiffSpec:MaterialExpressionComment_0 or MaterialExpressionComment /Engine/EditorMaterials/TilingAALineIntegral.TilingAALineIntegral:MaterialExpressionComment_0
[2018.11.27-13.51.02:647][830]LogUObjectHash: Warning: Ambiguous search, could be MaterialExpressionComment /Engine/Functions/Engine_MaterialFunctions01/Shading/ConvertFromDiffSpec.ConvertFromDiffSpec:MaterialExpressionComment_0 or MaterialExpressionComment /Engine/Functions/Engine_MaterialFunctions03/Procedurals/ComputeFilterWidth.ComputeFilterWidth:MaterialExpressionComment_0
[2018.11.27-13.51.02:647][830]LogUObjectHash: Warning: Ambiguous search, could be MaterialExpressionComment /Engine/Functions/Engine_MaterialFunctions01/Shading/ConvertFromDiffSpec.ConvertFromDiffSpec:MaterialExpressionComment_0 or MaterialExpressionComment /Engine/EditorMaterials/MakeCompositeARGBLayer.MakeCompositeARGBLayer:MaterialExpressionComment_0
[2018.11.27-13.51.02:647][830]LogProperty: Warning: Illegal TEXT reference to a private object in external package (MaterialExpressionComment /Engine/Functions/Engine_MaterialFunctions01/Shading/ConvertFromDiffSpec.ConvertFromDiffSpec:MaterialExpressionComment_0) from referencer (MaterialGraphNode_Comment /Engine/Transient.MAT_ObjectTest:MaterialGraph_0.MaterialGraphNode_Comment_0).  Import failed...
[2018.11.27-13.51.02:647][830]LogProperty: Warning: ObjectProperty /Script/UnrealEd.MaterialGraphNode_Comment:MaterialExpressionComment: unresolved reference to 'MaterialExpressionComment'"MaterialExpressionComment_0"''
[2018.11.27-13.51.02:680][830]LogMaterial: Display: Missing cached shader map for material MAT_ObjectTest, compiling. 
[2018.11.27-13.51.02:696][830]LogMaterial: Display: Missing cached shader map for material FMatExpressionPreview MaterialExpressionLinearInterpolate_0, compiling. 
[2018.11.27-13.51.02:699][830]LogShaderCompilers: Display: Shaders left to compile 21
[2018.11.27-13.51.02:699][830]LogShaderCompilers: Display: Shaders left to compile 20
[2018.11.27-13.51.02:699][830]LogShaderCompilers: Display: Shaders left to compile 19
[2018.11.27-13.51.02:699][830]LogShaderCompilers: Display: Shaders left to compile 18
[2018.11.27-13.51.02:699][830]LogMaterial: Display: Missing cached shader map for material FMatExpressionPreview MaterialExpressionVectorParameter_1, compiling. 
[2018.11.27-13.51.02:954][842]LogShaderCompilers: Display: Shaders left to compile 19
[2018.11.27-13.51.02:986][844]LogShaderCompilers: Display: Shaders left to compile 18
[2018.11.27-13.51.03:003][845]LogShaderCompilers: Display: Shaders left to compile 17
[2018.11.27-13.51.03:019][846]LogShaderCompilers: Display: Shaders left to compile 16
[2018.11.27-13.51.03:171][855]LogShaderCompilers: Display: Shaders left to compile 15
[2018.11.27-13.51.03:204][857]LogShaderCompilers: Display: Shaders left to compile 14
[2018.11.27-13.51.03:234][859]LogShaderCompilers: Display: Shaders left to compile 13
[2018.11.27-13.51.03:234][859]LogShaderCompilers: Display: Shaders left to compile 12
[2018.11.27-13.51.03:369][867]LogShaderCompilers: Display: Shaders left to compile 11
[2018.11.27-13.51.03:536][877]LogShaderCompilers: Display: Shaders left to compile 10
[2018.11.27-13.51.03:701][887]LogShaderCompilers: Display: Shaders left to compile 9
[2018.11.27-13.51.03:770][891]LogShaderCompilers: Display: Shaders left to compile 8
[2018.11.27-13.51.03:886][898]LogShaderCompilers: Display: Shaders left to compile 7
[2018.11.27-13.51.03:970][903]LogShaderCompilers: Display: Shaders left to compile 6
[2018.11.27-13.51.04:037][907]LogShaderCompilers: Display: Shaders left to compile 5
[2018.11.27-13.51.04:253][920]LogShaderCompilers: Display: Shaders left to compile 4
[2018.11.27-13.51.04:286][922]LogShaderCompilers: Display: Shaders left to compile 3
[2018.11.27-13.51.06:010][923]LogShaderCompilers: Display: Shaders left to compile 2
[2018.11.27-13.51.06:010][923]LogShaderCompilers: Display: Shaders left to compile 1
[2018.11.27-13.51.06:010][923]LogWindows: Error: === Critical error: ===
[2018.11.27-13.51.06:010][923]LogWindows: Error: 
[2018.11.27-13.51.06:010][923]LogWindows: Error: Fatal error!
[2018.11.27-13.51.06:010][923]LogWindows: Error: 
[2018.11.27-13.51.06:010][923]LogWindows: Error: Unhandled Exception: EXCEPTION_ACCESS_VIOLATION writing address 0x00000038
[2018.11.27-13.51.06:010][923]LogWindows: Error: 
[2018.11.27-13.51.06:010][923]LogWindows: Error: [Callstack] 0x00007fff02ce5a2e UE4Editor-GraphEditor.dll!UnknownFunction []
[2018.11.27-13.51.06:010][923]LogWindows: Error: [Callstack] 0x00007fff02d13e41 UE4Editor-GraphEditor.dll!UnknownFunction []
[2018.11.27-13.51.06:010][923]LogWindows: Error: [Callstack] 0x00007fff02d12f94 UE4Editor-GraphEditor.dll!UnknownFunction []
[2018.11.27-13.51.06:010][923]LogWindows: Error: [Callstack] 0x00007fff03af963a UE4Editor-Slate.dll!UnknownFunction []
[2018.11.27-13.51.06:010][923]LogWindows: Error: [Callstack] 0x00007fff03b9193c UE4Editor-Slate.dll!UnknownFunction []
[2018.11.27-13.51.06:010][923]LogWindows: Error: [Callstack] 0x00007fff03b78e18 UE4Editor-Slate.dll!UnknownFunction []
[2018.11.27-13.51.06:010][923]LogWindows: Error: [Callstack] 0x00007fff03b6b263 UE4Editor-Slate.dll!UnknownFunction []
[2018.11.27-13.51.06:010][923]LogWindows: Error: [Callstack] 0x00007fff1e3fdc66 UE4Editor-ApplicationCore.dll!UnknownFunction []
[2018.11.27-13.51.06:010][923]LogWindows: Error: [Callstack] 0x00007fff1e3f0de0 UE4Editor-ApplicationCore.dll!UnknownFunction []
[2018.11.27-13.51.06:010][923]LogWindows: Error: [Callstack] 0x00007fff1e4001eb UE4Editor-ApplicationCore.dll!UnknownFunction []
[2018.11.27-13.51.06:010][923]LogWindows: Error: [Callstack] 0x00007fff1e3eca19 UE4Editor-ApplicationCore.dll!UnknownFunction []
[2018.11.27-13.51.06:010][923]LogWindows: Error: [Callstack] 0x00007fff4dbb6d41 USER32.dll!UnknownFunction []
[2018.11.27-13.51.06:010][923]LogWindows: Error: [Callstack] 0x00007fff4dbb6713 USER32.dll!UnknownFunction []
[2018.11.27-13.51.06:010][923]LogWindows: Error: [Callstack] 0x00007fff1e401746 UE4Editor-ApplicationCore.dll!UnknownFunction []
[2018.11.27-13.51.06:010][923]LogWindows: Error: [Callstack] 0x00007ff6b9035546 UE4Editor.exe!UnknownFunction []
[2018.11.27-13.51.06:010][923]LogWindows: Error: [Callstack] 0x00007ff6b904596c UE4Editor.exe!UnknownFunction []
[2018.11.27-13.51.06:010][923]LogWindows: Error: [Callstack] 0x00007ff6b90459ea UE4Editor.exe!UnknownFunction []
[2018.11.27-13.51.06:010][923]LogWindows: Error: [Callstack] 0x00007ff6b90548da UE4Editor.exe!UnknownFunction []
[2018.11.27-13.51.06:010][923]LogWindows: Error: [Callstack] 0x00007ff6b905659a UE4Editor.exe!UnknownFunction []
[2018.11.27-13.51.06:010][923]LogWindows: Error: [Callstack] 0x00007fff4cd43034 KERNEL32.DLL!UnknownFunction []
[2018.11.27-13.51.06:011][923]LogWindows: Error: [Callstack] 0x00007fff4de61471 ntdll.dll!UnknownFunction []
[2018.11.27-13.51.06:011][923]LogWindows: Error: 
[2018.11.27-13.51.06:024][923]LogExit: Executing StaticShutdownAfterError
[2018.11.27-13.51.06:026][923]LogWindows: FPlatformMisc::RequestExit(1)
[2018.11.27-13.51.06:028][923]Log file closed, 11/27/18 14:51:06
